2024-03-14 00:31:02,308 [INFO] Activator:177 - 


2024-03-14 00:31:02,309 [INFO] Activator:178 - !SESSION log4j initialized
2024-03-14 00:31:05,821 [INFO] McuFinderGlobals:44 - Set McuFinder mode to 2 (CubeIDE integrated)
2024-03-14 00:31:06,833 [INFO] ApplicationProperties:181 - Using Application install path: C:\ST\STM32CubeIDE_1.10.1\STM32CubeIDE\plugins\com.st.stm32cube.common.mx_6.6.1.202207061420
2024-03-14 00:31:06,849 [INFO] DbMcusXml:77 - Set database path to: C:\ST\STM32CubeIDE_1.10.1\STM32CubeIDE\plugins\com.st.stm32cube.common.mx_6.6.1.202207061420\\db\/mcu/
2024-03-14 00:31:06,849 [INFO] ApiDb:269 - Set plugin database path to: C:\ST\STM32CubeIDE_1.10.1\STM32CubeIDE\plugins\com.st.stm32cube.common.mx_6.6.1.202207061420\\db\/plugins/boardmanager/
2024-03-14 00:31:06,849 [WARN] ApiDb:254 - Overriding images path with different value:  => C:\ST\STM32CubeIDE_1.10.1\STM32CubeIDE\plugins\com.st.stm32cube.common.mx_6.6.1.202207061420\\db\/plugins/mcufinder/images/
2024-03-14 00:31:06,865 [INFO] ApiDb:249 - Set database path to: C:\Users\yeosu\.stmcufinder\plugins\mcufinder//mcu/
2024-03-14 00:31:06,865 [INFO] DbMcusAds:124 - Set database path to: C:\Users\yeosu\.stmcufinder\plugins\mcufinder//mcu/
2024-03-14 00:31:06,865 [INFO] CrossReferenceDbSqlite:201 - Set database path to: C:\Users\yeosu\.stmcufinder\plugins\mcufinder//mcu/cs/
2024-03-14 00:31:06,965 [INFO] RulesReader:61 - Compatibility file has been processed (282 Rules)
2024-03-14 00:31:07,040 [INFO] DbMcusXml:77 - Set database path to: C:\ST\STM32CubeIDE_1.10.1\STM32CubeIDE\plugins\com.st.stm32cube.common.mx_6.6.1.202207061420\\db\/mcu/
2024-03-14 00:31:07,040 [INFO] ApiDb:269 - Set plugin database path to: C:\ST\STM32CubeIDE_1.10.1\STM32CubeIDE\plugins\com.st.stm32cube.common.mx_6.6.1.202207061420\\db\/plugins/boardmanager/
2024-03-14 00:31:07,040 [INFO] ApiDb:256 - Set plugin images path to: C:\ST\STM32CubeIDE_1.10.1\STM32CubeIDE\plugins\com.st.stm32cube.common.mx_6.6.1.202207061420\\db\/plugins/mcufinder/images/
2024-03-14 00:31:07,040 [WARN] DbFile:40 - Overriding database path with different value: C:\Users\yeosu\.stmcufinder\plugins\mcufinder/ => C:\Users\yeosu\.stmcufinder\plugins\mcufinder
2024-03-14 00:31:07,040 [INFO] ApiDb:249 - Set database path to: C:\Users\yeosu\.stmcufinder\plugins\mcufinder//mcu/
2024-03-14 00:31:07,040 [WARN] DbFile:40 - Overriding database path with different value: C:\Users\yeosu\.stmcufinder\plugins\mcufinder/ => C:\Users\yeosu\.stmcufinder\plugins\mcufinder
2024-03-14 00:31:07,040 [INFO] DbMcusAds:124 - Set database path to: C:\Users\yeosu\.stmcufinder\plugins\mcufinder//mcu/
2024-03-14 00:31:07,040 [WARN] DbFile:40 - Overriding database path with different value: C:\Users\yeosu\.stmcufinder\plugins\mcufinder/ => C:\Users\yeosu\.stmcufinder\plugins\mcufinder
2024-03-14 00:31:07,040 [WARN] DbFile:40 - Overriding database path with different value: C:\Users\yeosu\.stmcufinder\plugins\mcufinder/ => C:\Users\yeosu\.stmcufinder\plugins\mcufinder
2024-03-14 00:31:07,040 [INFO] CrossReferenceDbSqlite:201 - Set database path to: C:\Users\yeosu\.stmcufinder\plugins\mcufinder//mcu/cs/
2024-03-14 00:31:07,093 [INFO] MainPanel:242 - HeapMemory: 268435456
2024-03-14 00:31:07,152 [INFO] DbMcusXml:77 - Set database path to: C:\ST\STM32CubeIDE_1.10.1\STM32CubeIDE\plugins\com.st.stm32cube.common.mx_6.6.1.202207061420\\db\/mcu/
2024-03-14 00:31:07,152 [INFO] ApiDb:269 - Set plugin database path to: C:\ST\STM32CubeIDE_1.10.1\STM32CubeIDE\plugins\com.st.stm32cube.common.mx_6.6.1.202207061420\\db\/plugins/boardmanager/
2024-03-14 00:31:07,152 [INFO] ApiDb:256 - Set plugin images path to: C:\ST\STM32CubeIDE_1.10.1\STM32CubeIDE\plugins\com.st.stm32cube.common.mx_6.6.1.202207061420\\db\/plugins/mcufinder/images/
2024-03-14 00:31:07,152 [WARN] DbFile:40 - Overriding database path with different value: C:\Users\yeosu\.stmcufinder\plugins\mcufinder/ => C:\Users\yeosu\.stmcufinder\plugins\mcufinder
2024-03-14 00:31:07,152 [INFO] ApiDb:249 - Set database path to: C:\Users\yeosu\.stmcufinder\plugins\mcufinder//mcu/
2024-03-14 00:31:07,152 [WARN] DbFile:40 - Overriding database path with different value: C:\Users\yeosu\.stmcufinder\plugins\mcufinder/ => C:\Users\yeosu\.stmcufinder\plugins\mcufinder
2024-03-14 00:31:07,152 [INFO] DbMcusAds:124 - Set database path to: C:\Users\yeosu\.stmcufinder\plugins\mcufinder//mcu/
2024-03-14 00:31:07,152 [WARN] DbFile:40 - Overriding database path with different value: C:\Users\yeosu\.stmcufinder\plugins\mcufinder/ => C:\Users\yeosu\.stmcufinder\plugins\mcufinder
2024-03-14 00:31:07,152 [WARN] DbFile:40 - Overriding database path with different value: C:\Users\yeosu\.stmcufinder\plugins\mcufinder/ => C:\Users\yeosu\.stmcufinder\plugins\mcufinder
2024-03-14 00:31:07,152 [INFO] CrossReferenceDbSqlite:201 - Set database path to: C:\Users\yeosu\.stmcufinder\plugins\mcufinder//mcu/cs/
2024-03-14 00:31:07,167 [INFO] ApplicationProperties:181 - Using Application install path: C:\ST\STM32CubeIDE_1.10.1\STM32CubeIDE\plugins\com.st.stm32cube.common.mx_6.6.1.202207061420
2024-03-14 00:31:07,167 [INFO] PluginManage:193 - Search for loadable plugins [exclusion list=, ]
2024-03-14 00:31:07,167 [INFO] PluginManage:307 - Check plugin analytics
2024-03-14 00:31:07,281 [INFO] AnalyticsPlugin:262 - Accepted Software Licenses: 
2024-03-14 00:31:07,281 [INFO] AnalyticsPlugin:264 - Accepted CMSIS Pack Licenses: 
2024-03-14 00:31:07,281 [INFO] AnalyticsPlugin:266 - Accepted Firmware Licenses: FW.F4.1.27.0
2024-03-14 00:31:07,302 [INFO] PluginManage:356 - Loaded plugin analytics (category:tool,tabindex:-1)
2024-03-14 00:31:07,302 [INFO] PluginManage:307 - Check plugin cadmodel
2024-03-14 00:31:07,302 [INFO] CADModel:65 - Init CAD model plugin
2024-03-14 00:31:07,302 [INFO] PluginManage:356 - Loaded plugin cadmodel (category:power,tabindex:5)
2024-03-14 00:31:07,302 [INFO] PluginManage:307 - Check plugin clock
2024-03-14 00:31:07,302 [INFO] PluginManage:356 - Loaded plugin clock (category:base,tabindex:2)
2024-03-14 00:31:07,302 [INFO] PluginManage:307 - Check plugin ddr
2024-03-14 00:31:07,318 [INFO] PluginManage:356 - Loaded plugin ddr (category:tool,tabindex:6)
2024-03-14 00:31:07,318 [INFO] PluginManage:307 - Check plugin filemanager
2024-03-14 00:31:07,434 [INFO] PluginManage:356 - Loaded plugin filemanager (category:base,tabindex:10)
2024-03-14 00:31:07,434 [INFO] PluginManage:307 - Check plugin ipmanager
2024-03-14 00:31:07,448 [INFO] PluginManage:356 - Loaded plugin ipmanager (category:base,tabindex:5)
2024-03-14 00:31:07,448 [INFO] PluginManage:307 - Check plugin lpbam
2024-03-14 00:31:07,448 [INFO] PluginManage:356 - Loaded plugin lpbam (category:base,tabindex:0)
2024-03-14 00:31:07,448 [INFO] PluginManage:307 - Check plugin pinoutandconfiguration
2024-03-14 00:31:07,464 [INFO] PluginManage:356 - Loaded plugin pinoutandconfiguration (category:base,tabindex:1)
2024-03-14 00:31:07,464 [INFO] PluginManage:307 - Check plugin pinoutconfig
2024-03-14 00:31:07,481 [INFO] PluginManage:356 - Loaded plugin pinoutconfig (category:base,tabindex:0)
2024-03-14 00:31:07,481 [INFO] PluginManage:307 - Check plugin power
2024-03-14 00:31:07,503 [INFO] PluginManage:356 - Loaded plugin power (category:power,tabindex:4)
2024-03-14 00:31:07,503 [INFO] PluginManage:307 - Check plugin projectmanager
2024-03-14 00:31:07,503 [INFO] PluginManage:356 - Loaded plugin projectmanager (category:projectmanager,tabindex:3)
2024-03-14 00:31:07,503 [INFO] PluginManage:307 - Check plugin thirdparty
2024-03-14 00:31:07,626 [INFO] PluginManage:356 - Loaded plugin thirdparty (category:base,tabindex:-1)
2024-03-14 00:31:07,626 [WARN] IntegrityCheckThread:82 - waiting for thirdparty lock release [integrity check]
2024-03-14 00:31:07,626 [INFO] PluginManage:307 - Check plugin tools
2024-03-14 00:31:07,626 [INFO] IntegrityCheckThread:84 - entering critical section [integrity check]
2024-03-14 00:31:07,638 [INFO] ThirdPartyUpdaterWithRetryManager:70 - Updater plugin not ready yet. [1/15]
2024-03-14 00:31:07,638 [INFO] PluginManage:356 - Loaded plugin tools (category:base,tabindex:7)
2024-03-14 00:31:07,638 [INFO] PluginManage:307 - Check plugin tutovideos
2024-03-14 00:31:07,781 [INFO] PluginManage:356 - Loaded plugin tutovideos (category:base,tabindex:-1)
2024-03-14 00:31:07,781 [INFO] PluginManage:307 - Check plugin updater
2024-03-14 00:31:07,799 [INFO] PluginManage:356 - Loaded plugin updater (category:base,tabindex:12)
2024-03-14 00:31:07,803 [INFO] PluginManage:280 - PluginManage : Loaded plugins [15]
2024-03-14 00:31:08,003 [INFO] PinOutPanel:1468 - setPackage(No Configuration,No Configuration)
2024-03-14 00:31:08,052 [INFO] CADModel:98 - CPN selected for project level
2024-03-14 00:31:08,068 [INFO] IPUIPlugin:79 - create IPUIPlugin
2024-03-14 00:31:08,068 [INFO] PluginManager:217 - loadIPPluginJar : add adc
2024-03-14 00:31:08,068 [INFO] IPUIPlugin:79 - create IPUIPlugin
2024-03-14 00:31:08,068 [INFO] PluginManager:217 - loadIPPluginJar : add aes
2024-03-14 00:31:08,068 [INFO] IPUIPlugin:79 - create IPUIPlugin
2024-03-14 00:31:08,068 [INFO] PluginManager:217 - loadIPPluginJar : add can
2024-03-14 00:31:08,084 [INFO] IPUIPlugin:79 - create IPUIPlugin
2024-03-14 00:31:08,084 [INFO] PluginManager:217 - loadIPPluginJar : add comp
2024-03-14 00:31:08,084 [INFO] IPUIPlugin:79 - create IPUIPlugin
2024-03-14 00:31:08,084 [INFO] PluginManager:217 - loadIPPluginJar : add cryp
2024-03-14 00:31:08,084 [INFO] IPUIPlugin:79 - create IPUIPlugin
2024-03-14 00:31:08,084 [INFO] PluginManager:217 - loadIPPluginJar : add dfsdm
2024-03-14 00:31:08,084 [INFO] IPUIPlugin:79 - create IPUIPlugin
2024-03-14 00:31:08,084 [INFO] PluginManager:217 - loadIPPluginJar : add dma
2024-03-14 00:31:08,084 [INFO] IPUIPlugin:79 - create IPUIPlugin
2024-03-14 00:31:08,084 [INFO] PluginManager:217 - loadIPPluginJar : add dma3
2024-03-14 00:31:08,084 [INFO] IPUIPlugin:79 - create IPUIPlugin
2024-03-14 00:31:08,084 [INFO] PluginManager:217 - loadIPPluginJar : add fatfs
2024-03-14 00:31:08,099 [INFO] IPUIPlugin:79 - create IPUIPlugin
2024-03-14 00:31:08,099 [INFO] PluginManager:217 - loadIPPluginJar : add fmc
2024-03-14 00:31:08,103 [INFO] IPUIPlugin:79 - create IPUIPlugin
2024-03-14 00:31:08,103 [INFO] PluginManager:217 - loadIPPluginJar : add freertos
2024-03-14 00:31:08,103 [INFO] IPUIPlugin:79 - create IPUIPlugin
2024-03-14 00:31:08,103 [INFO] PluginManager:217 - loadIPPluginJar : add genericplugin
2024-03-14 00:31:08,103 [INFO] IPUIPlugin:79 - create IPUIPlugin
2024-03-14 00:31:08,103 [INFO] PluginManager:217 - loadIPPluginJar : add gfxmmu
2024-03-14 00:31:08,103 [INFO] IPUIPlugin:79 - create IPUIPlugin
2024-03-14 00:31:08,103 [INFO] PluginManager:217 - loadIPPluginJar : add gic
2024-03-14 00:31:08,103 [INFO] IPUIPlugin:79 - create IPUIPlugin
2024-03-14 00:31:08,103 [INFO] PluginManager:217 - loadIPPluginJar : add gpio
2024-03-14 00:31:08,119 [INFO] IPUIPlugin:79 - create IPUIPlugin
2024-03-14 00:31:08,119 [INFO] PluginManager:217 - loadIPPluginJar : add gtzc
2024-03-14 00:31:08,119 [INFO] IPUIPlugin:79 - create IPUIPlugin
2024-03-14 00:31:08,119 [INFO] PluginManager:217 - loadIPPluginJar : add hash
2024-03-14 00:31:08,119 [INFO] IPUIPlugin:79 - create IPUIPlugin
2024-03-14 00:31:08,119 [INFO] PluginManager:217 - loadIPPluginJar : add i2c
2024-03-14 00:31:08,119 [INFO] IPUIPlugin:79 - create IPUIPlugin
2024-03-14 00:31:08,119 [INFO] PluginManager:217 - loadIPPluginJar : add i2s
2024-03-14 00:31:08,119 [INFO] IPUIPlugin:79 - create IPUIPlugin
2024-03-14 00:31:08,119 [INFO] PluginManager:217 - loadIPPluginJar : add ipddr
2024-03-14 00:31:08,119 [INFO] IPUIPlugin:79 - create IPUIPlugin
2024-03-14 00:31:08,119 [INFO] PluginManager:217 - loadIPPluginJar : add linkedlist
2024-03-14 00:31:08,119 [INFO] IPUIPlugin:79 - create IPUIPlugin
2024-03-14 00:31:08,119 [INFO] PluginManager:217 - loadIPPluginJar : add lorawan
2024-03-14 00:31:08,134 [INFO] IPUIPlugin:79 - create IPUIPlugin
2024-03-14 00:31:08,134 [INFO] PluginManager:217 - loadIPPluginJar : add ltdc
2024-03-14 00:31:08,134 [INFO] IPUIPlugin:79 - create IPUIPlugin
2024-03-14 00:31:08,134 [INFO] PluginManager:217 - loadIPPluginJar : add mdma
2024-03-14 00:31:08,134 [INFO] IPUIPlugin:79 - create IPUIPlugin
2024-03-14 00:31:08,134 [INFO] PluginManager:217 - loadIPPluginJar : add nvic
2024-03-14 00:31:08,134 [INFO] IPUIPlugin:79 - create IPUIPlugin
2024-03-14 00:31:08,134 [INFO] PluginManager:217 - loadIPPluginJar : add opamp
2024-03-14 00:31:08,134 [INFO] IPUIPlugin:79 - create IPUIPlugin
2024-03-14 00:31:08,134 [INFO] PluginManager:217 - loadIPPluginJar : add openamp
2024-03-14 00:31:08,134 [INFO] IPUIPlugin:79 - create IPUIPlugin
2024-03-14 00:31:08,134 [INFO] PluginManager:217 - loadIPPluginJar : add pdm2pcm
2024-03-14 00:31:08,150 [INFO] IPUIPlugin:79 - create IPUIPlugin
2024-03-14 00:31:08,150 [INFO] PluginManager:217 - loadIPPluginJar : add plateformsettings
2024-03-14 00:31:08,150 [INFO] IPUIPlugin:79 - create IPUIPlugin
2024-03-14 00:31:08,150 [INFO] PluginManager:217 - loadIPPluginJar : add quadspi
2024-03-14 00:31:08,150 [INFO] IPUIPlugin:79 - create IPUIPlugin
2024-03-14 00:31:08,150 [INFO] PluginManager:217 - loadIPPluginJar : add resmgrutility
2024-03-14 00:31:08,150 [INFO] IPUIPlugin:79 - create IPUIPlugin
2024-03-14 00:31:08,150 [INFO] PluginManager:217 - loadIPPluginJar : add sai
2024-03-14 00:31:08,150 [INFO] IPUIPlugin:79 - create IPUIPlugin
2024-03-14 00:31:08,150 [INFO] PluginManager:217 - loadIPPluginJar : add spi
2024-03-14 00:31:08,166 [INFO] IPUIPlugin:79 - create IPUIPlugin
2024-03-14 00:31:08,166 [INFO] PluginManager:217 - loadIPPluginJar : add stm32_wpan
2024-03-14 00:31:08,166 [INFO] IPUIPlugin:79 - create IPUIPlugin
2024-03-14 00:31:08,166 [INFO] PluginManager:217 - loadIPPluginJar : add tim
2024-03-14 00:31:08,166 [INFO] IPUIPlugin:79 - create IPUIPlugin
2024-03-14 00:31:08,166 [INFO] PluginManager:217 - loadIPPluginJar : add touchsensing
2024-03-14 00:31:08,166 [INFO] IPUIPlugin:79 - create IPUIPlugin
2024-03-14 00:31:08,166 [INFO] PluginManager:217 - loadIPPluginJar : add tracer_emb
2024-03-14 00:31:08,166 [INFO] IPUIPlugin:79 - create IPUIPlugin
2024-03-14 00:31:08,166 [INFO] PluginManager:217 - loadIPPluginJar : add ts
2024-03-14 00:31:08,166 [INFO] IPUIPlugin:79 - create IPUIPlugin
2024-03-14 00:31:08,166 [INFO] PluginManager:217 - loadIPPluginJar : add tsc
2024-03-14 00:31:08,181 [INFO] IPUIPlugin:79 - create IPUIPlugin
2024-03-14 00:31:08,181 [INFO] PluginManager:217 - loadIPPluginJar : add ucpd
2024-03-14 00:31:08,181 [INFO] IPUIPlugin:79 - create IPUIPlugin
2024-03-14 00:31:08,181 [INFO] PluginManager:217 - loadIPPluginJar : add usart
2024-03-14 00:31:08,181 [INFO] IPUIPlugin:79 - create IPUIPlugin
2024-03-14 00:31:08,181 [INFO] PluginManager:217 - loadIPPluginJar : add usbx
2024-03-14 00:31:08,419 [FATAL] Updater:301 - Updater called before beeing initialized
2024-03-14 00:31:08,513 [FATAL] Updater:301 - Updater called before beeing initialized
2024-03-14 00:31:08,530 [INFO] DbMcusAds:52 - JSON generation date=Wed Nov 29 19:52:27 KST 2023 (1701255147349)
2024-03-14 00:31:08,530 [FATAL] Updater:301 - Updater called before beeing initialized
2024-03-14 00:31:08,561 [WARN] DetailPanel:344 - Failed to get advertising image, set to default
2024-03-14 00:31:08,650 [FATAL] Updater:301 - Updater called before beeing initialized
2024-03-14 00:31:08,650 [FATAL] Updater:301 - Updater called before beeing initialized
2024-03-14 00:31:08,650 [FATAL] Updater:301 - Updater called before beeing initialized
2024-03-14 00:31:08,650 [WARN] DetailPanel:344 - Failed to get advertising image, set to default
2024-03-14 00:31:08,650 [FATAL] Updater:301 - Updater called before beeing initialized
2024-03-14 00:31:08,684 [ERROR] Updater:1105 - MainUpdater not yet initialized. External WinMGr cannot be set.
2024-03-14 00:31:08,684 [INFO] Updater:1041 - Updater Version found : 6.6.1
2024-03-14 00:31:08,704 [INFO] ApplicationProperties:181 - Using Application install path: C:\ST\STM32CubeIDE_1.10.1\STM32CubeIDE\plugins\com.st.stm32cube.common.mx_6.6.1.202207061420
2024-03-14 00:31:09,051 [INFO] MainUpdater:2768 - connection check result : 10
2024-03-14 00:31:09,051 [INFO] MainUpdater:280 - Updater Check For Update Now.
2024-03-14 00:31:09,051 [INFO] MicroXplorer:481 - Change Database Version : DB.6.0.60
2024-03-14 00:31:09,228 [INFO] CheckServerUpdateThread:119 - End of CheckServer Thread
2024-03-14 00:31:09,272 [INFO] MainUpdater:2768 - connection check result : 10
2024-03-14 00:31:09,452 [INFO] McuFinderGlobals:57 - Set McuFinderConnectedMode to true
2024-03-14 00:31:09,472 [INFO] MultiScanPanel:195 - Auto-refresh data requested => check proxy status ongoing
2024-03-14 00:31:09,472 [INFO] FinderPluginLoader:92 - Searching for filters in installed packs
2024-03-14 00:31:09,583 [INFO] ApiDb:576 - Connected to CubeFinder SQLite database (C:\Users\yeosu\.stmcufinder\plugins\mcufinder\mcu\cube-finder-db.db)
2024-03-14 00:31:09,636 [INFO] ApiDb:663 - CubeFinder database Data Model version=2.1
2024-03-14 00:31:09,636 [INFO] ApiDb:664 - CubeFinder database Configuration version=3.0.39
2024-03-14 00:31:09,636 [INFO] ApiDb:665 - CubeFinder database generation date=2024-02-19 (1708350410)
2024-03-14 00:31:09,636 [INFO] ApiDb:666 - CubeFinder database FW Pack versions=[FP-ATR-ASTRA1_V2.0.0, FP-SNS-FLIGHT1_V5.0.1, FP-SNS-FLIGHT1_V5.0.2, FP-SNS-MOTENV1_V4.3.1, FP-SNS-MOTENV1_V4.3.2, FP-SNS-MOTENVWB1_V1.3.1, FP-SNS-SMARTAG2_V1.2.0, STM32Cube_FW_C0_V1.1.0, STM32Cube_FW_F4_V1.28.0, STM32Cube_FW_F7_V1.17.0, STM32Cube_FW_G0_V1.6.2, STM32Cube_FW_G4_V1.5.2, STM32Cube_FW_H5_V0.5.1, STM32Cube_FW_H5_V1.1.1, STM32Cube_FW_H5_V1.2.0RC2, STM32Cube_FW_H7_V1.11.0, STM32Cube_FW_L0_V1.12.2, STM32Cube_FW_L5_V1.5.0, STM32Cube_FW_U5_V1.3.0RC4, STM32Cube_FW_U5_V1.4.0, STM32Cube_FW_WBA_V1.0.0RC1, STM32Cube_FW_WBA_V1.1.0RC1, STM32Cube_FW_WBA_V1.2.0, STM32Cube_FW_WBA_V1.2.0RC2, STM32Cube_FW_WB_V1.15.0RC1, STM32Cube_FW_WB_V1.16.0, STM32Cube_FW_WB_V1.16.0RC2, STM32Cube_FW_WB_V1.18.0, STM32Cube_FW_WL_V1.3.0, X-CUBE-ALGOBUILD_V1.3.0, X-CUBE-ALS_V1.0.1, X-CUBE-AZRTOS-F4_V1.1.0, X-CUBE-AZRTOS-F7_V1.1.0, X-CUBE-AZRTOS-G0_V1.1.0, X-CUBE-AZRTOS-G4_V2.0.0, X-CUBE-AZRTOS-H7_V3.2.0, X-CUBE-AZRTOS-L4_V1.0.0, X-CUBE-AZRTOS-L4_V2.0.0, X-CUBE-AZRTOS-L5_V1.1.0, X-CUBE-AZRTOS-WB_V2.0.0, X-CUBE-AZRTOS-WL_V2.0.0, X-CUBE-BLE1_V7.0.0, X-CUBE-BLE2_V3.3.0, X-CUBE-BLEMGR_V3.0.0, X-CUBE-EEPRMA1_V4.1.0, X-CUBE-EEPRMA1_V5.1.0, X-CUBE-FREERTOS_V1.1.0, X-CUBE-GNSS1_V6.0.0, X-CUBE-MEMS1_V10.0.0, X-CUBE-MEMS1_V9.1.0, X-CUBE-MEMS1_V9.4.0, X-CUBE-MEMS1_V9.6.0, X-CUBE-NFC4_V3.0.0, X-CUBE-NFC7_V1.0.1, X-CUBE-SFXS2LP1_V4.0.0, X-CUBE-SUBG2_V5.0.0, X-CUBE-TOF1_V3.4.0]
2024-03-14 00:31:10,747 [WARN] PackLoader:242 - Cannot read IP mode file for STMicroelectronics.X-CUBE-SMBUS.2.1.0
2024-03-14 00:31:10,762 [WARN] PackLoader:242 - Cannot read IP mode file for STMicroelectronics.X-CUBE-TOUCHGFX.4.23.0
2024-03-14 00:31:10,798 [WARN] PackLoader:242 - Cannot read IP mode file for STMicroelectronics.X-CUBE-AZRTOS-F7.1.1.0
2024-03-14 00:31:10,814 [WARN] PackLoader:242 - Cannot read IP mode file for STMicroelectronics.FP-SNS-MOTENV1.4.3.2
2024-03-14 00:31:10,823 [WARN] PackLoader:242 - Cannot read IP mode file for STMicroelectronics.X-CUBE-BLE1.6.2.4
2024-03-14 00:31:10,833 [WARN] PackLoader:242 - Cannot read IP mode file for STMicroelectronics.FP-SNS-FLIGHT1.5.0.2
2024-03-14 00:31:10,838 [WARN] PackLoader:242 - Cannot read IP mode file for STMicroelectronics.X-CUBE-DISPLAY.3.0.0
2024-03-14 00:31:10,850 [WARN] PackLoader:242 - Cannot read IP mode file for STMicroelectronics.X-CUBE-BLE1.7.0.0
2024-03-14 00:31:10,850 [WARN] PackLoader:242 - Cannot read IP mode file for emotas.I-CUBE-CANOPEN.1.3.0
2024-03-14 00:31:10,867 [WARN] PackLoader:242 - Cannot read IP mode file for STMicroelectronics.X-CUBE-TOUCHGFX.4.22.1
2024-03-14 00:31:10,867 [WARN] PackLoader:242 - Cannot read IP mode file for STMicroelectronics.X-CUBE-BLEMGR.3.1.0
2024-03-14 00:31:10,884 [WARN] PackLoader:242 - Cannot read IP mode file for STMicroelectronics.FP-SNS-SMARTAG2.1.2.0
2024-03-14 00:31:10,894 [INFO] LogOutputStream:76 - [STDOUT_REDIRECT] 1 : Invalid condition id : UX_CORESTACK_Condition cause : null
2024-03-14 00:31:10,894 [INFO] LogOutputStream:76 - [STDOUT_REDIRECT] 1 : Invalid condition id : UX_CORESTACK_Condition cause : null
2024-03-14 00:31:10,894 [INFO] LogOutputStream:76 - [STDOUT_REDIRECT] 1 : Invalid condition id : UX_CORESTACK_Condition cause : null
2024-03-14 00:31:10,894 [INFO] LogOutputStream:76 - [STDOUT_REDIRECT] 1 : Invalid condition id : UX_CORESTACK_Condition cause : null
2024-03-14 00:31:10,894 [INFO] LogOutputStream:76 - [STDOUT_REDIRECT] 1 : Invalid condition id : UX_CORESTACK_Condition cause : null
2024-03-14 00:31:10,894 [WARN] PackLoader:242 - Cannot read IP mode file for STMicroelectronics.X-CUBE-AZRTOS-WL.2.0.0
2024-03-14 00:31:10,910 [WARN] PackLoader:242 - Cannot read IP mode file for WES.I-CUBE-Cesium.1.3.0
2024-03-14 00:31:10,918 [WARN] PackLoader:242 - Cannot read IP mode file for STMicroelectronics.X-CUBE-BLE2.3.3.0
2024-03-14 00:31:10,925 [WARN] PackLoader:242 - Cannot read IP mode file for STMicroelectronics.X-CUBE-ALGOBUILD.1.3.0
2024-03-14 00:31:10,947 [WARN] PackLoader:242 - Cannot read IP mode file for STMicroelectronics.X-CUBE-AZRTOS-G0.1.1.0
2024-03-14 00:31:10,947 [WARN] PackLoader:242 - Cannot read IP mode file for STMicroelectronics.X-CUBE-NFC4.3.0.0
2024-03-14 00:31:10,962 [WARN] PackLoader:242 - Cannot read IP mode file for STMicroelectronics.FP-ATR-SIGFOX1.3.2.0
2024-03-14 00:31:10,967 [WARN] PackLoader:242 - Cannot read IP mode file for STMicroelectronics.X-CUBE-EEPRMA1.5.1.0
2024-03-14 00:31:11,017 [WARN] PackLoader:242 - Cannot read IP mode file for STMicroelectronics.X-CUBE-MEMS1.9.5.0
2024-03-14 00:31:11,195 [WARN] PackLoader:242 - Cannot read IP mode file for SEGGER.I-CUBE-embOS.1.3.1
2024-03-14 00:31:11,260 [WARN] PackLoader:242 - Cannot read IP mode file for STMicroelectronics.X-CUBE-GNSS1.6.0.0
2024-03-14 00:31:11,272 [WARN] PackLoader:242 - Cannot read IP mode file for STMicroelectronics.X-CUBE-AZRTOS-F4.1.1.0
2024-03-14 00:31:11,286 [WARN] PackLoader:242 - Cannot read IP mode file for wolfSSL.I-CUBE-wolfSSL.5.6.3
2024-03-14 00:31:11,286 [WARN] PackLoader:242 - Cannot read IP mode file for STMicroelectronics.X-CUBE-AZRTOS-L5.2.0.0
2024-03-14 00:31:11,317 [WARN] PackLoader:242 - Cannot read IP mode file for STMicroelectronics.X-CUBE-MEMS1.9.6.0
2024-03-14 00:31:11,357 [INFO] ApiDb:239 - Found 138 in-development CPN: [B-WB1M-WPAN1, NUCLEO-C031C6, STEVAL-STWINBX1, STM320518-EVAL, STM32C0116-DK, STM32C011D6Y3TR, STM32C011D6Y6TR, STM32C011F4P3, STM32C011F4P6, STM32C011F4U3, STM32C011F4U6TR, STM32C011F6P3, STM32C011F6P6, STM32C011F6U3, STM32C011F6U6TR, STM32C011J4M3, STM32C011J4M6, STM32C011J6M3, STM32C011J6M6, STM32C0316-DK, STM32C031C4T3, STM32C031C4T6, STM32C031C4U3, STM32C031C4U6, STM32C031C6T3, STM32C031C6T6, STM32C031C6U3, STM32C031C6U6, STM32C031F4P3, STM32C031F4P6, STM32C031F6P3, STM32C031F6P6, STM32C031G4U3, STM32C031G4U6, STM32C031G6U3, STM32C031G6U6, STM32C031K4T3, STM32C031K4T6, STM32C031K4U3, STM32C031K4U6, STM32C031K6T3, STM32C031K6T6, STM32C031K6U3, STM32C031K6U6, STM32G071K8TXN, STM32G071K8UXN, STM32G081GBU6N, STM32G081KBT6N, STM32G081KBUXN, STM32G0B1CCT6N, STM32G0B1KCT6, STM32G0B1NEY6TR, STM32G0B1RCT6N, STM32G0C1CCT6, STM32G0C1CCT6N, STM32G0C1CCU6N, STM32G0C1CET6N, STM32G0C1CEU6N, STM32G0C1KCT6, STM32G0C1NEY6TR, STM32G0C1RCI6N, STM32G0C1RCT6N, STM32G0C1REI6N, STM32G0C1RET6N, STM32G0C1VCI6, STM32G0C1VEI6, STM32G471CCT6, STM32G471CCU6, STM32G471CET3, STM32G471CET6, STM32G471CEU3, STM32G471CEU6, STM32G471MCT6, STM32G471MET3, STM32G471MET6, STM32G471MEY6TR, STM32G471QCT6, STM32G471QET3, STM32G471RCT6, STM32G471RET3, STM32G471RET6, STM32G471VCH6, STM32G471VCI6, STM32G471VCT6, STM32G471VEH3, STM32G471VEH6, STM32G471VEI3, STM32G471VEI6, STM32G471VET3, STM32G471VET6, STM32G474CCT6, STM32L476VGY6PTR, STM32L4R5QGI6STR, STM32MP131AAE3, STM32MP131AAF3, STM32MP131AAG3, STM32MP131CAE3, STM32MP131CAF3, STM32MP131CAG3, STM32MP131DAE7, STM32MP131DAF7, STM32MP131DAG7, STM32MP131FAE7, STM32MP131FAF7, STM32MP131FAG7, STM32MP133AAE3, STM32MP133AAF3, STM32MP133AAG3, STM32MP133CAE3, STM32MP133CAF3, STM32MP133CAG3, STM32MP133DAE7, STM32MP133DAF7, STM32MP133DAG7, STM32MP133FAE7, STM32MP133FAF7, STM32MP133FAG7, STM32MP135AAE3, STM32MP135AAF3, STM32MP135AAG3, STM32MP135CAE3, STM32MP135CAF3, STM32MP135CAG3, STM32MP135DAE7, STM32MP135DAF7, STM32MP135DAG7, STM32MP135F-DK, STM32MP135FAE7, STM32MP135FAF7, STM32MP135FAG7, STM32U595ZJT6Q, STM32U599BJY6QTR, STM32U599NIH6Q, STM32U599NJH6Q, STM32U5A5ZJT6Q, STM32U5A9BJY6QTR, STM32U5A9NJH6Q, STM32WB1MMCH6]
2024-03-14 00:31:11,359 [INFO] DbMcus:215 - Found 3852 MCUs, 3852 are supported
2024-03-14 00:31:11,359 [INFO] ApiDb:418 - Load user favorites file C:\Users\yeosu/.stm32cubeide/favorites.mcus.txt: 0 item(s)
2024-03-14 00:31:11,359 [INFO] ApiDb:422 - User favorites MCUs=[]
2024-03-14 00:31:11,359 [INFO] DbMcus:221 - Set 0 / 0 favorites MCUs
2024-03-14 00:31:11,435 [WARN] PackLoader:242 - Cannot read IP mode file for ITTIA_DB.I-CUBE-ITTIADB.8.8.0
2024-03-14 00:31:11,441 [WARN] PackLoader:242 - Cannot read IP mode file for STMicroelectronics.X-CUBE-BLEMGR.2.0.0
2024-03-14 00:31:11,458 [WARN] ConditionMgr:437 - getConditionDescription Invalid condition id : UX DEVICE CLASS RTOS Condition cause : null
2024-03-14 00:31:11,458 [WARN] ConditionMgr:437 - getConditionDescription Invalid condition id : UX DEVICE CLASS RTOS Condition cause : null
2024-03-14 00:31:11,461 [WARN] PackLoader:242 - Cannot read IP mode file for STMicroelectronics.X-CUBE-AZRTOS-H7.3.1.0
2024-03-14 00:31:11,461 [WARN] ConditionMgr:1038 - genDependencies : Invalid condition id : UX DEVICE CLASS RTOS Condition cause : null
2024-03-14 00:31:11,461 [WARN] ConditionMgr:1038 - genDependencies : Invalid condition id : UX DEVICE CLASS RTOS Condition cause : null
2024-03-14 00:31:11,461 [WARN] ConditionMgr:1038 - genDependencies : Invalid condition id : UX DEVICE CLASS RTOS Condition cause : null
2024-03-14 00:31:11,461 [WARN] ConditionMgr:1038 - genDependencies : Invalid condition id : UX DEVICE CLASS RTOS Condition cause : null
2024-03-14 00:31:11,461 [WARN] ConditionMgr:1038 - genDependencies : Invalid condition id : UX DEVICE CLASS RTOS Condition cause : null
2024-03-14 00:31:11,473 [WARN] PackLoader:242 - Cannot read IP mode file for STMicroelectronics.X-CUBE-NFC7.1.0.1
2024-03-14 00:31:11,479 [WARN] PackLoader:242 - Cannot read IP mode file for STMicroelectronics.X-CUBE-NFC7.1.0.0
2024-03-14 00:31:11,480 [WARN] PackLoader:242 - Cannot read IP mode file for STMicroelectronics.X-CUBE-NFC6.3.0.0
2024-03-14 00:31:11,490 [WARN] PackLoader:242 - Cannot read IP mode file for STMicroelectronics.X-CUBE-EEPRMA1.4.1.0
2024-03-14 00:31:11,499 [WARN] PackLoader:242 - Cannot read IP mode file for STMicroelectronics.X-CUBE-AI.8.1.0
2024-03-14 00:31:11,511 [WARN] ConditionMgr:437 - getConditionDescription Invalid condition id : LAN8742 Phy interface Condition cause : null
2024-03-14 00:31:11,511 [WARN] PackLoader:242 - Cannot read IP mode file for STMicroelectronics.X-CUBE-AZRTOS-L4.2.0.0
2024-03-14 00:31:11,511 [WARN] ConditionMgr:1038 - genDependencies : Invalid condition id : LAN8742 Phy interface Condition cause : null
2024-03-14 00:31:11,511 [WARN] ConditionMgr:1038 - genDependencies : Invalid condition id : LAN8742 Phy interface Condition cause : null
2024-03-14 00:31:11,511 [WARN] ConditionMgr:1038 - genDependencies : Invalid condition id : LAN8742 Phy interface Condition cause : null
2024-03-14 00:31:11,523 [WARN] PackLoader:242 - Cannot read IP mode file for STMicroelectronics.X-CUBE-SFXS2LP1.4.0.0
2024-03-14 00:31:11,529 [WARN] PackLoader:242 - Cannot read IP mode file for STMicroelectronics.X-CUBE-ISPU.1.1.0
2024-03-14 00:31:11,529 [WARN] PackLoader:242 - Cannot read IP mode file for STMicroelectronics.X-CUBE-AI.8.0.0
2024-03-14 00:31:11,541 [WARN] ConditionMgr:437 - getConditionDescription Invalid condition id : UX DEVICE CLASS RTOS Condition cause : null
2024-03-14 00:31:11,541 [WARN] ConditionMgr:437 - getConditionDescription Invalid condition id : UX DEVICE CLASS RTOS Condition cause : null
2024-03-14 00:31:11,541 [WARN] PackLoader:242 - Cannot read IP mode file for STMicroelectronics.X-CUBE-AZRTOS-WB.2.0.0
2024-03-14 00:31:11,541 [WARN] ConditionMgr:1038 - genDependencies : Invalid condition id : UX DEVICE CLASS RTOS Condition cause : null
2024-03-14 00:31:11,541 [WARN] ConditionMgr:1038 - genDependencies : Invalid condition id : UX DEVICE CLASS RTOS Condition cause : null
2024-03-14 00:31:11,541 [WARN] ConditionMgr:1038 - genDependencies : Invalid condition id : UX DEVICE CLASS RTOS Condition cause : null
2024-03-14 00:31:11,541 [WARN] ConditionMgr:1038 - genDependencies : Invalid condition id : UX DEVICE CLASS RTOS Condition cause : null
2024-03-14 00:31:11,541 [WARN] ConditionMgr:1038 - genDependencies : Invalid condition id : UX DEVICE CLASS RTOS Condition cause : null
2024-03-14 00:31:11,549 [WARN] PackLoader:242 - Cannot read IP mode file for STMicroelectronics.X-CUBE-FREERTOS.1.0.0
2024-03-14 00:31:11,559 [WARN] PackLoader:242 - Cannot read IP mode file for STMicroelectronics.X-CUBE-SUBG2.5.0.0
2024-03-14 00:31:11,571 [WARN] PackLoader:242 - Cannot read IP mode file for STMicroelectronics.X-CUBE-TOF1.3.3.1
2024-03-14 00:31:11,602 [WARN] PackLoader:242 - Cannot read IP mode file for STMicroelectronics.X-CUBE-AZRTOS-G4.2.0.0
2024-03-14 00:31:11,602 [WARN] PackLoader:242 - Cannot read IP mode file for STMicroelectronics.FP-ATR-ASTRA1.1.1.1
2024-03-14 00:31:11,613 [WARN] PackLoader:242 - Cannot read IP mode file for Infineon.AIROC-Wi-Fi-Bluetooth-STM32.1.5.1
2024-03-14 00:31:11,623 [WARN] PackLoader:242 - Cannot read IP mode file for STMicroelectronics.FP-SNS-MOTENVWB1.1.3.1
2024-03-14 00:31:11,627 [WARN] PackLoader:242 - Cannot read IP mode file for STMicroelectronics.X-CUBE-ISPU.2.0.0
2024-03-14 00:31:11,685 [WARN] PackLoader:242 - Cannot read IP mode file for STMicroelectronics.X-CUBE-MEMS1.10.0.0
2024-03-14 00:31:11,804 [WARN] PackLoader:242 - Cannot read IP mode file for STMicroelectronics.X-CUBE-FREERTOS.1.1.0
2024-03-14 00:31:11,815 [WARN] PackLoader:242 - Cannot read IP mode file for portGmbH.I-Cube-SoM-uGOAL.1.1.0
2024-03-14 00:31:11,815 [WARN] PackLoader:242 - Cannot read IP mode file for STMicroelectronics.X-CUBE-ALS.1.0.1
2024-03-14 00:31:11,824 [WARN] PackLoader:242 - Cannot read IP mode file for STMicroelectronics.FP-ATR-ASTRA1.2.0.0
2024-03-14 00:31:11,832 [WARN] PackLoader:242 - Cannot read IP mode file for STMicroelectronics.X-CUBE-TOF1.3.4.1
2024-03-14 00:31:11,874 [WARN] PackLoader:242 - Cannot read IP mode file for STMicroelectronics.X-CUBE-AZRTOS-H7.3.2.0
2024-03-14 00:31:11,874 [INFO] ThirdParty:929 - Integrity check success = true
2024-03-14 00:31:11,874 [INFO] IntegrityCheckThread:98 - exiting critical section [integrity check]
2024-03-14 00:31:11,874 [INFO] IntegrityCheckThread:101 - End integrity checks thread
2024-03-14 00:31:12,808 [INFO] LoadUrlFilesThread:177 - End of LoadServerUrlFiles without Thread
2024-03-14 00:31:12,823 [INFO] DetailPanel:339 - Set advertising image to C:/Users/yeosu/STM32Cube/Repository/\en.prom-stm32wl3-mcu-finder.jpg
2024-03-14 00:31:13,355 [INFO] MultiScanPanel:778 - Auto Refresh Data is not needed
2024-03-14 00:31:13,370 [INFO] ApiDb:663 - CubeFinder database Data Model version=2.1
2024-03-14 00:31:13,370 [INFO] ApiDb:664 - CubeFinder database Configuration version=3.0.39
2024-03-14 00:31:13,370 [INFO] ApiDb:665 - CubeFinder database generation date=2024-02-19 (1708350410)
2024-03-14 00:31:13,370 [INFO] ApiDb:666 - CubeFinder database FW Pack versions=[FP-ATR-ASTRA1_V2.0.0, FP-SNS-FLIGHT1_V5.0.1, FP-SNS-FLIGHT1_V5.0.2, FP-SNS-MOTENV1_V4.3.1, FP-SNS-MOTENV1_V4.3.2, FP-SNS-MOTENVWB1_V1.3.1, FP-SNS-SMARTAG2_V1.2.0, STM32Cube_FW_C0_V1.1.0, STM32Cube_FW_F4_V1.28.0, STM32Cube_FW_F7_V1.17.0, STM32Cube_FW_G0_V1.6.2, STM32Cube_FW_G4_V1.5.2, STM32Cube_FW_H5_V0.5.1, STM32Cube_FW_H5_V1.1.1, STM32Cube_FW_H5_V1.2.0RC2, STM32Cube_FW_H7_V1.11.0, STM32Cube_FW_L0_V1.12.2, STM32Cube_FW_L5_V1.5.0, STM32Cube_FW_U5_V1.3.0RC4, STM32Cube_FW_U5_V1.4.0, STM32Cube_FW_WBA_V1.0.0RC1, STM32Cube_FW_WBA_V1.1.0RC1, STM32Cube_FW_WBA_V1.2.0, STM32Cube_FW_WBA_V1.2.0RC2, STM32Cube_FW_WB_V1.15.0RC1, STM32Cube_FW_WB_V1.16.0, STM32Cube_FW_WB_V1.16.0RC2, STM32Cube_FW_WB_V1.18.0, STM32Cube_FW_WL_V1.3.0, X-CUBE-ALGOBUILD_V1.3.0, X-CUBE-ALS_V1.0.1, X-CUBE-AZRTOS-F4_V1.1.0, X-CUBE-AZRTOS-F7_V1.1.0, X-CUBE-AZRTOS-G0_V1.1.0, X-CUBE-AZRTOS-G4_V2.0.0, X-CUBE-AZRTOS-H7_V3.2.0, X-CUBE-AZRTOS-L4_V1.0.0, X-CUBE-AZRTOS-L4_V2.0.0, X-CUBE-AZRTOS-L5_V1.1.0, X-CUBE-AZRTOS-WB_V2.0.0, X-CUBE-AZRTOS-WL_V2.0.0, X-CUBE-BLE1_V7.0.0, X-CUBE-BLE2_V3.3.0, X-CUBE-BLEMGR_V3.0.0, X-CUBE-EEPRMA1_V4.1.0, X-CUBE-EEPRMA1_V5.1.0, X-CUBE-FREERTOS_V1.1.0, X-CUBE-GNSS1_V6.0.0, X-CUBE-MEMS1_V10.0.0, X-CUBE-MEMS1_V9.1.0, X-CUBE-MEMS1_V9.4.0, X-CUBE-MEMS1_V9.6.0, X-CUBE-NFC4_V3.0.0, X-CUBE-NFC7_V1.0.1, X-CUBE-SFXS2LP1_V4.0.0, X-CUBE-SUBG2_V5.0.0, X-CUBE-TOF1_V3.4.0]
2024-03-14 00:31:13,408 [INFO] DbBoardsSqlite:227 - include board P-NUCLEO-WB55-NUCLEO as a kit item of type 'Nucleo-64'
2024-03-14 00:31:13,423 [INFO] DbBoardsSqlite:227 - include board P-NUCLEO-WB55-USBDONGLE as a kit item of type 'Nucleo USB Dongle'
2024-03-14 00:31:13,423 [INFO] DbBoardsSqlite:227 - include board STEVAL-IDP005V1 as a kit item of type 'Evaluation Board'
2024-03-14 00:31:13,423 [INFO] DbBoardsSqlite:227 - include board STEVAL-IDP005V2 as a kit item of type 'Evaluation Board'
2024-03-14 00:31:13,470 [INFO] ApiDb:239 - Found 138 in-development CPN: [B-WB1M-WPAN1, NUCLEO-C031C6, STEVAL-STWINBX1, STM320518-EVAL, STM32C0116-DK, STM32C011D6Y3TR, STM32C011D6Y6TR, STM32C011F4P3, STM32C011F4P6, STM32C011F4U3, STM32C011F4U6TR, STM32C011F6P3, STM32C011F6P6, STM32C011F6U3, STM32C011F6U6TR, STM32C011J4M3, STM32C011J4M6, STM32C011J6M3, STM32C011J6M6, STM32C0316-DK, STM32C031C4T3, STM32C031C4T6, STM32C031C4U3, STM32C031C4U6, STM32C031C6T3, STM32C031C6T6, STM32C031C6U3, STM32C031C6U6, STM32C031F4P3, STM32C031F4P6, STM32C031F6P3, STM32C031F6P6, STM32C031G4U3, STM32C031G4U6, STM32C031G6U3, STM32C031G6U6, STM32C031K4T3, STM32C031K4T6, STM32C031K4U3, STM32C031K4U6, STM32C031K6T3, STM32C031K6T6, STM32C031K6U3, STM32C031K6U6, STM32G071K8TXN, STM32G071K8UXN, STM32G081GBU6N, STM32G081KBT6N, STM32G081KBUXN, STM32G0B1CCT6N, STM32G0B1KCT6, STM32G0B1NEY6TR, STM32G0B1RCT6N, STM32G0C1CCT6, STM32G0C1CCT6N, STM32G0C1CCU6N, STM32G0C1CET6N, STM32G0C1CEU6N, STM32G0C1KCT6, STM32G0C1NEY6TR, STM32G0C1RCI6N, STM32G0C1RCT6N, STM32G0C1REI6N, STM32G0C1RET6N, STM32G0C1VCI6, STM32G0C1VEI6, STM32G471CCT6, STM32G471CCU6, STM32G471CET3, STM32G471CET6, STM32G471CEU3, STM32G471CEU6, STM32G471MCT6, STM32G471MET3, STM32G471MET6, STM32G471MEY6TR, STM32G471QCT6, STM32G471QET3, STM32G471RCT6, STM32G471RET3, STM32G471RET6, STM32G471VCH6, STM32G471VCI6, STM32G471VCT6, STM32G471VEH3, STM32G471VEH6, STM32G471VEI3, STM32G471VEI6, STM32G471VET3, STM32G471VET6, STM32G474CCT6, STM32L476VGY6PTR, STM32L4R5QGI6STR, STM32MP131AAE3, STM32MP131AAF3, STM32MP131AAG3, STM32MP131CAE3, STM32MP131CAF3, STM32MP131CAG3, STM32MP131DAE7, STM32MP131DAF7, STM32MP131DAG7, STM32MP131FAE7, STM32MP131FAF7, STM32MP131FAG7, STM32MP133AAE3, STM32MP133AAF3, STM32MP133AAG3, STM32MP133CAE3, STM32MP133CAF3, STM32MP133CAG3, STM32MP133DAE7, STM32MP133DAF7, STM32MP133DAG7, STM32MP133FAE7, STM32MP133FAF7, STM32MP133FAG7, STM32MP135AAE3, STM32MP135AAF3, STM32MP135AAG3, STM32MP135CAE3, STM32MP135CAF3, STM32MP135CAG3, STM32MP135DAE7, STM32MP135DAF7, STM32MP135DAG7, STM32MP135F-DK, STM32MP135FAE7, STM32MP135FAF7, STM32MP135FAG7, STM32U595ZJT6Q, STM32U599BJY6QTR, STM32U599NIH6Q, STM32U599NJH6Q, STM32U5A5ZJT6Q, STM32U5A9BJY6QTR, STM32U5A9NJH6Q, STM32WB1MMCH6]
2024-03-14 00:31:13,486 [INFO] BoardInfo:879 - No configuration file found for board B-WL5M-SUBG1
2024-03-14 00:31:13,486 [INFO] DbBoards:156 - Board is not supported: B-WL5M-SUBG1
2024-03-14 00:31:13,524 [INFO] BoardInfo:879 - No configuration file found for board NUCLEO-H503RB
2024-03-14 00:31:13,524 [INFO] DbBoards:156 - Board is not supported: NUCLEO-H503RB
2024-03-14 00:31:13,524 [INFO] BoardInfo:879 - No configuration file found for board NUCLEO-H563ZI
2024-03-14 00:31:13,524 [INFO] DbBoards:156 - Board is not supported: NUCLEO-H563ZI
2024-03-14 00:31:13,555 [INFO] BoardInfo:879 - No configuration file found for board NUCLEO-U545RE-Q
2024-03-14 00:31:13,555 [INFO] DbBoards:156 - Board is not supported: NUCLEO-U545RE-Q
2024-03-14 00:31:13,555 [INFO] BoardInfo:879 - No configuration file found for board NUCLEO-U5A5ZJ-Q
2024-03-14 00:31:13,555 [INFO] DbBoards:156 - Board is not supported: NUCLEO-U5A5ZJ-Q
2024-03-14 00:31:13,555 [INFO] BoardInfo:879 - No configuration file found for board NUCLEO-WBA52CG
2024-03-14 00:31:13,555 [INFO] DbBoards:156 - Board is not supported: NUCLEO-WBA52CG
2024-03-14 00:31:13,571 [INFO] BoardInfo:879 - No configuration file found for board P-NUCLEO-WB55
2024-03-14 00:31:13,571 [INFO] DbBoards:156 - Kit is not supported: P-NUCLEO-WB55
2024-03-14 00:31:13,571 [INFO] BoardInfo:879 - No configuration file found for board STEVAL-BFA001V1B
2024-03-14 00:31:13,571 [INFO] DbBoards:156 - Kit is not supported: STEVAL-BFA001V1B
2024-03-14 00:31:13,571 [INFO] BoardInfo:879 - No configuration file found for board STEVAL-BFA001V2B
2024-03-14 00:31:13,571 [INFO] DbBoards:156 - Kit is not supported: STEVAL-BFA001V2B
2024-03-14 00:31:13,571 [INFO] BoardInfo:879 - No configuration file found for board STEVAL-MKBOXPRO
2024-03-14 00:31:13,571 [INFO] DbBoards:156 - Board is not supported: STEVAL-MKBOXPRO
2024-03-14 00:31:13,571 [INFO] BoardInfo:879 - No configuration file found for board STEVAL-PROTEUS1
2024-03-14 00:31:13,571 [INFO] DbBoards:156 - Board is not supported: STEVAL-PROTEUS1
2024-03-14 00:31:13,571 [INFO] BoardInfo:879 - No configuration file found for board STEVAL-SMARTAG2
2024-03-14 00:31:13,571 [INFO] DbBoards:156 - Board is not supported: STEVAL-SMARTAG2
2024-03-14 00:31:13,636 [INFO] BoardInfo:879 - No configuration file found for board STM32H573I-DK
2024-03-14 00:31:13,636 [INFO] DbBoards:156 - Board is not supported: STM32H573I-DK
2024-03-14 00:31:13,684 [INFO] BoardInfo:879 - No configuration file found for board STM32U5A9J-DK
2024-03-14 00:31:13,684 [INFO] DbBoards:156 - Board is not supported: STM32U5A9J-DK
2024-03-14 00:31:13,684 [INFO] DbBoards:160 - Found 188 boards, 174 are supported
2024-03-14 00:31:13,702 [INFO] ApiDb:409 - User favorites file not found: C:\Users\yeosu/.stm32cubeide/favorites.boards.txt
2024-03-14 00:31:13,702 [INFO] DbBoards:189 - Set 0 / 0 favorites Boards
2024-03-14 00:31:26,434 [ERROR] LogOutputStream:74 - [STDERR_REDIRECT] SLF4J: Failed to load class "org.slf4j.impl.StaticLoggerBinder".
2024-03-14 00:31:26,434 [ERROR] LogOutputStream:74 - [STDERR_REDIRECT] SLF4J: Defaulting to no-operation (NOP) logger implementation
2024-03-14 00:31:26,434 [ERROR] LogOutputStream:74 - [STDERR_REDIRECT] SLF4J: See http://www.slf4j.org/codes.html#StaticLoggerBinder for further details.
2024-03-14 00:31:38,420 [INFO] MainUpdater:2768 - connection check result : 10
2024-03-14 00:31:38,420 [INFO] MainUpdater:2768 - connection check result : 10
2024-03-14 00:31:38,436 [INFO] MicroXplorer:451 - Change Database Path : 
2024-03-14 00:31:38,436 [INFO] MicroXplorer:481 - Change Database Version : DB.6.0.60
2024-03-14 00:31:38,436 [WARN] ThirdParty:827 - waiting for thirdparty lock release [close project]
2024-03-14 00:31:38,436 [INFO] ThirdParty:829 - entering critical section [close project]
2024-03-14 00:31:38,436 [INFO] ThirdParty:839 - exiting critical section [close project]
2024-03-14 00:31:38,441 [INFO] PinOutPanel:1468 - setPackage(No Configuration,No Configuration)
2024-03-14 00:31:38,449 [INFO] UtilMem:74 - Begin LoadConfig() Used Memory: 238947496 Bytes (376438784)
2024-03-14 00:31:38,451 [INFO] MicroXplorer:451 - Change Database Path : 
2024-03-14 00:31:38,452 [INFO] MicroXplorer:481 - Change Database Version : DB.6.0.60
2024-03-14 00:31:38,453 [INFO] OpenFileManager:307 - Change cursor
2024-03-14 00:31:38,551 [INFO] Mcu:1922 - Initializing MCU STM32F407VETx STM32F407VETx 
2024-03-14 00:31:38,552 [INFO] Mcu:1935 - No CPN specified => set CPN to STM32F407VET6
2024-03-14 00:31:40,012 [INFO] Context:654 - Trying to add GPIOservice into a context  which must be forbidden
2024-03-14 00:31:40,874 [INFO] ImportTextPane:193 - (OptionalMessage_ERROR) Unable to find key (Mcu.ThirdPartyNb) in loaded IOC file
2024-03-14 00:31:40,874 [INFO] ImportTextPane:193 - (OptionalMessage_ERROR) Unable to find key (Mcu.PinsNb) in loaded IOC file
2024-03-14 00:31:40,874 [INFO] ImportTextPane:193 - (OptionalMessage_ERROR) Unable to find key (Mcu.IPNb) in loaded IOC file
2024-03-14 00:31:40,975 [WARN] ApiManager:308 - Cannot register API 'Board Extension:GNSS1A1' from pack STMicroelectronics.X-CUBE-GNSS1.6.0.0: no header file found
2024-03-14 00:31:40,975 [WARN] ApiManager:308 - Cannot register API 'Board Support:Custom' from pack STMicroelectronics.X-CUBE-GNSS1.6.0.0: no header file found
2024-03-14 00:31:40,975 [WARN] ApiManager:308 - Cannot register API 'Data Exchange:lib_gnss' from pack STMicroelectronics.X-CUBE-GNSS1.6.0.0: no header file found
2024-03-14 00:31:41,101 [WARN] ApiManager:308 - Cannot register API 'Board Extension:IKS01A3' from pack STMicroelectronics.X-CUBE-MEMS1.9.6.0: no header file found
2024-03-14 00:31:41,101 [WARN] ApiManager:308 - Cannot register API 'Board Extension:IKS01A2' from pack STMicroelectronics.X-CUBE-MEMS1.9.6.0: no header file found
2024-03-14 00:31:41,101 [WARN] ApiManager:308 - Cannot register API 'Board Extension:IKS02A1' from pack STMicroelectronics.X-CUBE-MEMS1.9.6.0: no header file found
2024-03-14 00:31:41,101 [WARN] ApiManager:308 - Cannot register API 'Wireless:BlueNRG-MS' from pack STMicroelectronics.X-CUBE-BLE1.6.2.4: no header file found
2024-03-14 00:31:41,118 [INFO] RtosManager:488 - Registered RTOS mode: class=CMSIS, group=RTOS, mode=CMSIS_V1, owner=FREERTOS
2024-03-14 00:31:41,118 [INFO] RtosManager:488 - Registered RTOS mode: class=CMSIS, group=RTOS2, mode=CMSIS_V2, owner=FREERTOS
2024-03-14 00:31:41,118 [INFO] RtosManager:488 - Registered RTOS mode: class=RTOS, group=Core, mode=CMSIS_V1, owner=FREERTOS
2024-03-14 00:31:41,118 [INFO] RtosManager:488 - Registered RTOS mode: class=RTOS, group=Core, mode=CMSIS_V2, owner=FREERTOS
2024-03-14 00:31:41,118 [WARN] ModelIntegratedComponent:185 - Missing modes for component STMicroelectronics:FreeRTOS:0.0.1:STMicroelectronics:RTOS:FreeRTOS:Core:::10.2.0:
2024-03-14 00:31:41,118 [WARN] ApiManager:308 - Cannot register API 'Board Extension:NFC04A1' from pack STMicroelectronics.X-CUBE-NFC4.3.0.0: no header file found
2024-03-14 00:31:41,124 [WARN] ApiManager:308 - Cannot register API 'Board Extension:S2868A1' from pack STMicroelectronics.X-CUBE-SUBG2.5.0.0: no header file found
2024-03-14 00:31:41,124 [WARN] ApiManager:308 - Cannot register API 'Board Extension:S2868A2' from pack STMicroelectronics.X-CUBE-SUBG2.5.0.0: no header file found
2024-03-14 00:31:41,124 [WARN] ApiManager:308 - Cannot register API 'Board Extension:S2915A1' from pack STMicroelectronics.X-CUBE-SUBG2.5.0.0: no header file found
2024-03-14 00:31:41,137 [WARN] ApiManager:308 - Cannot register API 'Wireless:BlueNRG-MS' from pack STMicroelectronics.X-CUBE-BLE1.7.0.0: no header file found
2024-03-14 00:31:41,137 [WARN] ApiManager:308 - Cannot register API 'Board Extension:EEPRMA2' from pack STMicroelectronics.X-CUBE-EEPRMA1.5.1.0: no header file found
2024-03-14 00:31:41,137 [WARN] ApiManager:308 - Cannot register API 'Board Extension:PGEEZ1' from pack STMicroelectronics.X-CUBE-EEPRMA1.5.1.0: no header file found
2024-03-14 00:31:41,137 [WARN] ApiManager:308 - Cannot register API 'Board Extension:EEICA1' from pack STMicroelectronics.X-CUBE-EEPRMA1.5.1.0: no header file found
2024-03-14 00:31:41,137 [WARN] ApiManager:308 - Cannot register API 'Board Part:M24' from pack STMicroelectronics.X-CUBE-EEPRMA1.5.1.0: no header file found
2024-03-14 00:31:41,137 [WARN] ApiManager:308 - Cannot register API 'Board Part:M95' from pack STMicroelectronics.X-CUBE-EEPRMA1.5.1.0: no header file found
2024-03-14 00:31:41,137 [WARN] ApiManager:308 - Cannot register API 'Board Part:M95P32' from pack STMicroelectronics.X-CUBE-EEPRMA1.5.1.0: no header file found
2024-03-14 00:31:41,137 [WARN] ApiManager:308 - Cannot register API 'Board Part:M24256E-F' from pack STMicroelectronics.X-CUBE-EEPRMA1.5.1.0: no header file found
2024-03-14 00:31:41,137 [WARN] ApiManager:308 - Cannot register API 'Board Part:M24M01E-F' from pack STMicroelectronics.X-CUBE-EEPRMA1.5.1.0: no header file found
2024-03-14 00:31:41,137 [WARN] ApiManager:308 - Cannot register API 'PGEEZ1:SPI' from pack STMicroelectronics.X-CUBE-EEPRMA1.5.1.0: no header file found
2024-03-14 00:31:41,137 [WARN] ApiManager:308 - Cannot register API 'PGEEZ1:QDSPI' from pack STMicroelectronics.X-CUBE-EEPRMA1.5.1.0: no header file found
2024-03-14 00:31:41,137 [WARN] ModelIntegratedComponent:64 - No mode defined for component null
2024-03-14 00:31:41,137 [WARN] ModelIntegratedComponent:64 - No mode defined for component null
2024-03-14 00:31:41,137 [WARN] ModelIntegratedComponent:64 - No mode defined for component null
2024-03-14 00:31:41,137 [WARN] ModelIntegratedComponent:64 - No mode defined for component null
2024-03-14 00:31:41,137 [WARN] ModelIntegratedComponent:64 - No mode defined for component null
2024-03-14 00:31:41,137 [WARN] ModelIntegratedComponent:64 - No mode defined for component null
2024-03-14 00:31:41,137 [WARN] ModelIntegratedComponent:64 - No mode defined for component null
2024-03-14 00:31:41,137 [WARN] ModelIntegratedComponent:64 - No mode defined for component null
2024-03-14 00:31:41,137 [WARN] ModelIntegratedComponent:64 - No mode defined for component null
2024-03-14 00:31:41,137 [WARN] ModelIntegratedComponent:64 - No mode defined for component null
2024-03-14 00:31:41,137 [WARN] ModelIntegratedComponent:64 - No mode defined for component null
2024-03-14 00:31:41,137 [WARN] ModelIntegratedComponent:64 - No mode defined for component null
2024-03-14 00:31:41,137 [WARN] ModelIntegratedComponent:64 - No mode defined for component null
2024-03-14 00:31:41,137 [WARN] ModelIntegratedComponent:64 - No mode defined for component null
2024-03-14 00:31:41,137 [WARN] ModelIntegratedComponent:64 - No mode defined for component null
2024-03-14 00:31:41,137 [WARN] ModelIntegratedComponent:64 - No mode defined for component null
2024-03-14 00:31:41,137 [WARN] ModelIntegratedComponent:64 - No mode defined for component null
2024-03-14 00:31:41,137 [WARN] ModelIntegratedComponent:64 - No mode defined for component null
2024-03-14 00:31:41,153 [WARN] ModelIntegratedComponent:64 - No mode defined for component null
2024-03-14 00:31:41,153 [WARN] ModelIntegratedComponent:64 - No mode defined for component null
2024-03-14 00:31:41,153 [WARN] ModelIntegratedComponent:64 - No mode defined for component null
2024-03-14 00:31:41,153 [WARN] ModelIntegratedComponent:64 - No mode defined for component null
2024-03-14 00:31:41,153 [WARN] ModelIntegratedComponent:64 - No mode defined for component null
2024-03-14 00:31:41,153 [WARN] ModelIntegratedComponent:64 - No mode defined for component null
2024-03-14 00:31:41,153 [WARN] ModelIntegratedComponent:64 - No mode defined for component null
2024-03-14 00:31:41,153 [WARN] ModelIntegratedComponent:64 - No mode defined for component null
2024-03-14 00:31:41,153 [WARN] ModelIntegratedComponent:64 - No mode defined for component null
2024-03-14 00:31:41,154 [WARN] ModelIntegratedComponent:64 - No mode defined for component null
2024-03-14 00:31:41,154 [WARN] ModelIntegratedComponent:64 - No mode defined for component null
2024-03-14 00:31:41,154 [WARN] ModelIntegratedComponent:64 - No mode defined for component null
2024-03-14 00:31:41,154 [WARN] ModelIntegratedComponent:64 - No mode defined for component null
2024-03-14 00:31:41,154 [WARN] ModelIntegratedComponent:64 - No mode defined for component null
2024-03-14 00:31:41,154 [WARN] ModelIntegratedComponent:64 - No mode defined for component null
2024-03-14 00:31:41,228 [WARN] ApiManager:308 - Cannot register API 'Board Extension:IKS01A3' from pack STMicroelectronics.X-CUBE-MEMS1.10.0.0: no header file found
2024-03-14 00:31:41,228 [WARN] ApiManager:308 - Cannot register API 'Board Extension:IKS02A1' from pack STMicroelectronics.X-CUBE-MEMS1.10.0.0: no header file found
2024-03-14 00:31:41,228 [WARN] ApiManager:308 - Cannot register API 'Board Extension:IKS4A1' from pack STMicroelectronics.X-CUBE-MEMS1.10.0.0: no header file found
2024-03-14 00:31:41,228 [WARN] ApiManager:308 - Cannot register API 'Board Extension:NFC07A1' from pack STMicroelectronics.X-CUBE-NFC7.1.0.1: no header file found
2024-03-14 00:31:41,228 [WARN] ApiManager:308 - Cannot register API 'Board Extension:NFC07A1' from pack STMicroelectronics.X-CUBE-NFC7.1.0.0: no header file found
2024-03-14 00:31:41,228 [WARN] ApiManager:308 - Cannot register API 'Board Extension:NFC06A1' from pack STMicroelectronics.X-CUBE-NFC6.3.0.0: no header file found
2024-03-14 00:31:41,228 [WARN] ApiManager:308 - Cannot register API 'Board Extension:NFC08A1' from pack STMicroelectronics.X-CUBE-NFC6.3.0.0: no header file found
2024-03-14 00:31:41,228 [WARN] ApiManager:308 - Cannot register API 'Board Extension:EEPRMA1' from pack STMicroelectronics.X-CUBE-EEPRMA1.4.1.0: no header file found
2024-03-14 00:31:41,228 [WARN] ApiManager:308 - Cannot register API 'Board Extension:EEPRMA2' from pack STMicroelectronics.X-CUBE-EEPRMA1.4.1.0: no header file found
2024-03-14 00:31:41,228 [WARN] ApiManager:308 - Cannot register API 'Board Extension:PGEEZ1' from pack STMicroelectronics.X-CUBE-EEPRMA1.4.1.0: no header file found
2024-03-14 00:31:41,228 [WARN] ApiManager:308 - Cannot register API 'Board Part:M24' from pack STMicroelectronics.X-CUBE-EEPRMA1.4.1.0: no header file found
2024-03-14 00:31:41,228 [WARN] ApiManager:308 - Cannot register API 'Board Part:M95' from pack STMicroelectronics.X-CUBE-EEPRMA1.4.1.0: no header file found
2024-03-14 00:31:41,228 [WARN] ApiManager:308 - Cannot register API 'Board Part:M95P32' from pack STMicroelectronics.X-CUBE-EEPRMA1.4.1.0: no header file found
2024-03-14 00:31:41,228 [WARN] ApiManager:308 - Cannot register API 'PGEEZ1:SPI' from pack STMicroelectronics.X-CUBE-EEPRMA1.4.1.0: no header file found
2024-03-14 00:31:41,228 [WARN] ApiManager:308 - Cannot register API 'PGEEZ1:QDSPI' from pack STMicroelectronics.X-CUBE-EEPRMA1.4.1.0: no header file found
2024-03-14 00:31:41,364 [WARN] ApiManager:308 - Cannot register API 'Board Extension:IKS01A3' from pack STMicroelectronics.X-CUBE-MEMS1.9.5.0: no header file found
2024-03-14 00:31:41,364 [WARN] ApiManager:308 - Cannot register API 'Board Extension:IKS01A2' from pack STMicroelectronics.X-CUBE-MEMS1.9.5.0: no header file found
2024-03-14 00:31:41,364 [WARN] ApiManager:308 - Cannot register API 'Board Extension:IKS02A1' from pack STMicroelectronics.X-CUBE-MEMS1.9.5.0: no header file found
2024-03-14 00:31:41,395 [WARN] ApiManager:308 - Cannot register API 'Board Extension:S2868A1' from pack STMicroelectronics.X-CUBE-SFXS2LP1.4.0.0: no header file found
2024-03-14 00:31:41,395 [WARN] ApiManager:308 - Cannot register API 'Board Extension:S2868A2' from pack STMicroelectronics.X-CUBE-SFXS2LP1.4.0.0: no header file found
2024-03-14 00:31:41,395 [WARN] ApiManager:308 - Cannot register API 'Board Extension:S2915A1' from pack STMicroelectronics.X-CUBE-SFXS2LP1.4.0.0: no header file found
2024-03-14 00:31:41,397 [WARN] ApiManager:308 - Cannot register API 'Wireless:BlueNRG-2' from pack STMicroelectronics.X-CUBE-BLE2.3.3.0: no header file found
2024-03-14 00:31:41,416 [INFO] ThirdPartyModel:289 - Start build external matchings
2024-03-14 00:31:42,626 [INFO] ThirdPartyModel:302 - End build external matchings
2024-03-14 00:31:42,951 [INFO] UtilMem:74 - End LoadConfig() Used Memory: 244523992 Bytes (404750336)
2024-03-14 00:31:42,957 [WARN] ThirdParty:789 - waiting for thirdparty lock release [change project]
2024-03-14 00:31:42,957 [INFO] ThirdParty:791 - entering critical section [change project]
2024-03-14 00:31:42,957 [INFO] ThirdParty:981 - CMSIS Pack Vendor :STMicroelectronics X-CUBE-ISPU 1.1.0
2024-03-14 00:31:42,957 [INFO] ThirdParty:981 - CMSIS Pack Vendor :STMicroelectronics X-CUBE-GNSS1 6.0.0
2024-03-14 00:31:42,957 [INFO] ThirdParty:981 - CMSIS Pack Vendor :STMicroelectronics USB_HOST 2.0.0
2024-03-14 00:31:42,957 [INFO] ThirdParty:981 - CMSIS Pack Vendor :STMicroelectronics X-CUBE-AZRTOS-F4 1.1.0
2024-03-14 00:31:42,957 [INFO] ThirdParty:981 - CMSIS Pack Vendor :STMicroelectronics LIBJPEG 8.0.0
2024-03-14 00:31:42,957 [INFO] ThirdParty:981 - CMSIS Pack Vendor :wolfSSL I-CUBE-wolfSSL 5.6.3
2024-03-14 00:31:42,957 [INFO] ThirdParty:981 - CMSIS Pack Vendor :STMicroelectronics X-CUBE-SMBUS 2.1.0
2024-03-14 00:31:42,957 [INFO] ThirdParty:981 - CMSIS Pack Vendor :STMicroelectronics USB_DEVICE 3.0.0
2024-03-14 00:31:42,957 [INFO] ThirdParty:981 - CMSIS Pack Vendor :STMicroelectronics X-CUBE-AI 8.0.0
2024-03-14 00:31:42,957 [INFO] ThirdParty:981 - CMSIS Pack Vendor :STMicroelectronics X-CUBE-AZRTOS-WB 2.0.0
2024-03-14 00:31:42,957 [INFO] ThirdParty:981 - CMSIS Pack Vendor :STMicroelectronics X-CUBE-FREERTOS 1.0.0
2024-03-14 00:31:42,957 [INFO] ThirdParty:981 - CMSIS Pack Vendor :STMicroelectronics X-CUBE-TOUCHGFX 4.23.0
2024-03-14 00:31:42,957 [INFO] ThirdParty:981 - CMSIS Pack Vendor :STMicroelectronics X-CUBE-AZRTOS-F7 1.1.0
2024-03-14 00:31:42,957 [INFO] ThirdParty:981 - CMSIS Pack Vendor :STMicroelectronics X-CUBE-AZRTOS-L5 2.0.0
2024-03-14 00:31:42,957 [INFO] ThirdParty:981 - CMSIS Pack Vendor :STMicroelectronics USB_DEVICE 2.0.0
2024-03-14 00:31:42,957 [INFO] ThirdParty:981 - CMSIS Pack Vendor :STMicroelectronics X-CUBE-MEMS1 9.6.0
2024-03-14 00:31:42,957 [INFO] ThirdParty:981 - CMSIS Pack Vendor :ITTIA_DB I-CUBE-ITTIADB 8.8.0
2024-03-14 00:31:42,957 [INFO] ThirdParty:981 - CMSIS Pack Vendor :STMicroelectronics FP-SNS-MOTENV1 4.3.2
2024-03-14 00:31:42,957 [INFO] ThirdParty:981 - CMSIS Pack Vendor :STMicroelectronics X-CUBE-ALGOBUILD 1.3.0
2024-03-14 00:31:42,957 [INFO] ThirdParty:981 - CMSIS Pack Vendor :STMicroelectronics X-CUBE-BLE1 6.2.4
2024-03-14 00:31:42,957 [INFO] ThirdParty:981 - CMSIS Pack Vendor :STMicroelectronics FreeRTOS 0.0.1
2024-03-14 00:31:42,957 [INFO] ThirdParty:981 - CMSIS Pack Vendor :STMicroelectronics X-CUBE-AZRTOS-G0 1.1.0
2024-03-14 00:31:42,957 [INFO] ThirdParty:981 - CMSIS Pack Vendor :STMicroelectronics X-CUBE-BLEMGR 2.0.0
2024-03-14 00:31:42,957 [INFO] ThirdParty:981 - CMSIS Pack Vendor :STMicroelectronics X-CUBE-NFC4 3.0.0
2024-03-14 00:31:42,957 [INFO] ThirdParty:981 - CMSIS Pack Vendor :STMicroelectronics X-CUBE-SUBG2 5.0.0
2024-03-14 00:31:42,957 [INFO] ThirdParty:981 - CMSIS Pack Vendor :STMicroelectronics STM32_WPAN 1.0.0
2024-03-14 00:31:42,957 [INFO] ThirdParty:981 - CMSIS Pack Vendor :STMicroelectronics lwIP 2.0.3
2024-03-14 00:31:42,957 [INFO] ThirdParty:981 - CMSIS Pack Vendor :STMicroelectronics FP-SNS-FLIGHT1 5.0.2
2024-03-14 00:31:42,957 [INFO] ThirdParty:981 - CMSIS Pack Vendor :STMicroelectronics USB_HOST 1.0.0
2024-03-14 00:31:42,957 [INFO] ThirdParty:981 - CMSIS Pack Vendor :STMicroelectronics X-CUBE-TOF1 3.3.1
2024-03-14 00:31:42,957 [INFO] ThirdParty:981 - CMSIS Pack Vendor :STMicroelectronics X-CUBE-AZRTOS-G4 2.0.0
2024-03-14 00:31:42,957 [INFO] ThirdParty:981 - CMSIS Pack Vendor :STMicroelectronics PDM2PCM 3.1.0
2024-03-14 00:31:42,957 [INFO] ThirdParty:981 - CMSIS Pack Vendor :STMicroelectronics X-CUBE-AZRTOS-H7 3.1.0
2024-03-14 00:31:42,957 [INFO] ThirdParty:981 - CMSIS Pack Vendor :STMicroelectronics FP-ATR-ASTRA1 1.1.1
2024-03-14 00:31:42,957 [INFO] ThirdParty:981 - CMSIS Pack Vendor :Infineon AIROC-Wi-Fi-Bluetooth-STM32 1.5.1
2024-03-14 00:31:42,957 [INFO] ThirdParty:981 - CMSIS Pack Vendor :STMicroelectronics PDM2PCM 3.3.0
2024-03-14 00:31:42,957 [INFO] ThirdParty:981 - CMSIS Pack Vendor :STMicroelectronics X-CUBE-DISPLAY 3.0.0
2024-03-14 00:31:42,957 [INFO] ThirdParty:981 - CMSIS Pack Vendor :STMicroelectronics FP-SNS-MOTENVWB1 1.3.1
2024-03-14 00:31:42,957 [INFO] ThirdParty:981 - CMSIS Pack Vendor :STMicroelectronics X-CUBE-BLE1 7.0.0
2024-03-14 00:31:42,957 [INFO] ThirdParty:981 - CMSIS Pack Vendor :STMicroelectronics FP-ATR-SIGFOX1 3.2.0
2024-03-14 00:31:42,957 [INFO] ThirdParty:981 - CMSIS Pack Vendor :STMicroelectronics X-CUBE-ISPU 2.0.0
2024-03-14 00:31:42,957 [INFO] ThirdParty:981 - CMSIS Pack Vendor :STMicroelectronics X-CUBE-EEPRMA1 5.1.0
2024-03-14 00:31:42,957 [INFO] ThirdParty:981 - CMSIS Pack Vendor :STMicroelectronics HAL Drivers 0.0.0
2024-03-14 00:31:42,957 [INFO] ThirdParty:981 - CMSIS Pack Vendor :STMicroelectronics MBEDTLS 2.16.2
2024-03-14 00:31:42,957 [INFO] ThirdParty:981 - CMSIS Pack Vendor :emotas I-CUBE-CANOPEN 1.3.0
2024-03-14 00:31:42,957 [INFO] ThirdParty:981 - CMSIS Pack Vendor :STMicroelectronics X-CUBE-MEMS1 10.0.0
2024-03-14 00:31:42,957 [INFO] ThirdParty:981 - CMSIS Pack Vendor :STMicroelectronics X-CUBE-FREERTOS 1.1.0
2024-03-14 00:31:42,957 [INFO] ThirdParty:981 - CMSIS Pack Vendor :STMicroelectronics X-CUBE-NFC7 1.0.1
2024-03-14 00:31:42,957 [INFO] ThirdParty:981 - CMSIS Pack Vendor :STMicroelectronics MBEDTLS 2.14.1
2024-03-14 00:31:42,957 [INFO] ThirdParty:981 - CMSIS Pack Vendor :STMicroelectronics X-CUBE-NFC7 1.0.0
2024-03-14 00:31:42,957 [INFO] ThirdParty:981 - CMSIS Pack Vendor :STMicroelectronics X-CUBE-TOUCHGFX 4.22.1
2024-03-14 00:31:42,957 [INFO] ThirdParty:981 - CMSIS Pack Vendor :STMicroelectronics X-CUBE-NFC6 3.0.0
2024-03-14 00:31:42,957 [INFO] ThirdParty:981 - CMSIS Pack Vendor :STMicroelectronics X-CUBE-EEPRMA1 4.1.0
2024-03-14 00:31:42,957 [INFO] ThirdParty:981 - CMSIS Pack Vendor :portGmbH I-Cube-SoM-uGOAL 1.1.0
2024-03-14 00:31:42,957 [INFO] ThirdParty:981 - CMSIS Pack Vendor :STMicroelectronics X-CUBE-ALS 1.0.1
2024-03-14 00:31:42,957 [INFO] ThirdParty:981 - CMSIS Pack Vendor :STMicroelectronics X-CUBE-MEMS1 9.5.0
2024-03-14 00:31:42,957 [INFO] ThirdParty:981 - CMSIS Pack Vendor :STMicroelectronics X-CUBE-BLEMGR 3.1.0
2024-03-14 00:31:42,957 [INFO] ThirdParty:981 - CMSIS Pack Vendor :STMicroelectronics ThreadX 1.0.0
2024-03-14 00:31:42,957 [INFO] ThirdParty:981 - CMSIS Pack Vendor :STMicroelectronics FP-SNS-SMARTAG2 1.2.0
2024-03-14 00:31:42,957 [INFO] ThirdParty:981 - CMSIS Pack Vendor :STMicroelectronics X-CUBE-AZRTOS-WL 2.0.0
2024-03-14 00:31:42,957 [INFO] ThirdParty:981 - CMSIS Pack Vendor :SEGGER I-CUBE-embOS 1.3.1
2024-03-14 00:31:42,957 [INFO] ThirdParty:981 - CMSIS Pack Vendor :STMicroelectronics USB_DEVICE 1.0.0
2024-03-14 00:31:42,957 [INFO] ThirdParty:981 - CMSIS Pack Vendor :STMicroelectronics X-CUBE-AI 8.1.0
2024-03-14 00:31:42,957 [INFO] ThirdParty:981 - CMSIS Pack Vendor :STMicroelectronics X-CUBE-AZRTOS-L4 2.0.0
2024-03-14 00:31:42,957 [INFO] ThirdParty:981 - CMSIS Pack Vendor :STMicroelectronics ThreadX 0.0.2
2024-03-14 00:31:42,957 [INFO] ThirdParty:981 - CMSIS Pack Vendor :WES I-CUBE-Cesium 1.3.0
2024-03-14 00:31:42,957 [INFO] ThirdParty:981 - CMSIS Pack Vendor :STMicroelectronics FP-ATR-ASTRA1 2.0.0
2024-03-14 00:31:42,957 [INFO] ThirdParty:981 - CMSIS Pack Vendor :STMicroelectronics lwIP 2.1.2
2024-03-14 00:31:42,957 [INFO] ThirdParty:981 - CMSIS Pack Vendor :STMicroelectronics X-CUBE-SFXS2LP1 4.0.0
2024-03-14 00:31:42,957 [INFO] ThirdParty:981 - CMSIS Pack Vendor :STMicroelectronics X-CUBE-BLE2 3.3.0
2024-03-14 00:31:42,957 [INFO] ThirdParty:981 - CMSIS Pack Vendor :STMicroelectronics X-CUBE-TOF1 3.4.1
2024-03-14 00:31:42,957 [INFO] ThirdParty:981 - CMSIS Pack Vendor :STMicroelectronics X-CUBE-AZRTOS-H7 3.2.0
2024-03-14 00:31:42,957 [INFO] ThirdParty:981 - CMSIS Pack Vendor :STMicroelectronics PDM2PCM 3.2.0
2024-03-14 00:31:42,957 [INFO] ThirdParty:797 - exiting critical section [change project]
2024-03-14 00:31:43,451 [INFO] PinOutPanel:1468 - setPackage(No Configuration,No Configuration)
2024-03-14 00:31:43,451 [INFO] PinOutPanel:1468 - setPackage(STM32F407VETx,LQFP100)
2024-03-14 00:31:44,054 [INFO] UtilMem:74 - Before build in PCC Used Memory: 233402832 Bytes (447741952)
2024-03-14 00:31:44,970 [INFO] UtilMem:74 - After build in PCC Used Memory: 284972976 Bytes (447741952)
2024-03-14 00:31:45,000 [INFO] IPUIPlugin:79 - create IPUIPlugin
2024-03-14 00:31:45,008 [INFO] IPUIPlugin:79 - create IPUIPlugin
2024-03-14 00:31:45,008 [INFO] IPUIPlugin:79 - create IPUIPlugin
2024-03-14 00:31:45,008 [INFO] IPUIPlugin:79 - create IPUIPlugin
2024-03-14 00:31:45,008 [INFO] IPUIPlugin:79 - create IPUIPlugin
2024-03-14 00:31:45,008 [INFO] IPUIPlugin:79 - create IPUIPlugin
2024-03-14 00:31:45,008 [INFO] IPUIPlugin:79 - create IPUIPlugin
2024-03-14 00:31:45,008 [INFO] IPUIPlugin:79 - create IPUIPlugin
2024-03-14 00:31:45,008 [INFO] IPUIPlugin:79 - create IPUIPlugin
2024-03-14 00:31:45,008 [INFO] IPUIPlugin:79 - create IPUIPlugin
2024-03-14 00:31:45,008 [INFO] IPUIPlugin:79 - create IPUIPlugin
2024-03-14 00:31:45,008 [INFO] IPUIPlugin:79 - create IPUIPlugin
2024-03-14 00:31:45,008 [INFO] IPUIPlugin:79 - create IPUIPlugin
2024-03-14 00:31:45,008 [INFO] IPUIPlugin:79 - create IPUIPlugin
2024-03-14 00:31:45,008 [INFO] IPUIPlugin:79 - create IPUIPlugin
2024-03-14 00:31:45,008 [INFO] IPUIPlugin:79 - create IPUIPlugin
2024-03-14 00:31:45,008 [INFO] IPUIPlugin:79 - create IPUIPlugin
2024-03-14 00:31:45,008 [INFO] IPUIPlugin:79 - create IPUIPlugin
2024-03-14 00:31:45,008 [INFO] IPUIPlugin:79 - create IPUIPlugin
2024-03-14 00:31:45,008 [INFO] IPUIPlugin:79 - create IPUIPlugin
2024-03-14 00:31:45,008 [INFO] IPUIPlugin:79 - create IPUIPlugin
2024-03-14 00:31:45,008 [INFO] IPUIPlugin:79 - create IPUIPlugin
2024-03-14 00:31:45,011 [INFO] IPUIPlugin:79 - create IPUIPlugin
2024-03-14 00:31:45,011 [INFO] IPUIPlugin:79 - create IPUIPlugin
2024-03-14 00:31:45,011 [INFO] IPUIPlugin:79 - create IPUIPlugin
2024-03-14 00:31:45,011 [INFO] IPUIPlugin:79 - create IPUIPlugin
2024-03-14 00:31:45,011 [INFO] IPUIPlugin:79 - create IPUIPlugin
2024-03-14 00:31:45,011 [INFO] IPUIPlugin:79 - create IPUIPlugin
2024-03-14 00:31:45,011 [INFO] IPUIPlugin:79 - create IPUIPlugin
2024-03-14 00:31:45,011 [INFO] IPUIPlugin:79 - create IPUIPlugin
2024-03-14 00:31:45,011 [INFO] IPUIPlugin:79 - create IPUIPlugin
2024-03-14 00:31:45,011 [INFO] IPUIPlugin:79 - create IPUIPlugin
2024-03-14 00:31:45,011 [INFO] IPUIPlugin:79 - create IPUIPlugin
2024-03-14 00:31:45,011 [INFO] IPUIPlugin:79 - create IPUIPlugin
2024-03-14 00:31:45,011 [INFO] IPUIPlugin:79 - create IPUIPlugin
2024-03-14 00:31:45,011 [INFO] IPUIPlugin:79 - create IPUIPlugin
2024-03-14 00:31:45,011 [INFO] IPUIPlugin:79 - create IPUIPlugin
2024-03-14 00:31:45,011 [INFO] IPUIPlugin:79 - create IPUIPlugin
2024-03-14 00:31:45,011 [INFO] IPUIPlugin:79 - create IPUIPlugin
2024-03-14 00:31:45,011 [INFO] IPUIPlugin:79 - create IPUIPlugin
2024-03-14 00:31:45,011 [INFO] IPUIPlugin:79 - create IPUIPlugin
2024-03-14 00:31:45,011 [INFO] IPUIPlugin:79 - create IPUIPlugin
2024-03-14 00:31:45,011 [INFO] IPUIPlugin:79 - create IPUIPlugin
2024-03-14 00:31:45,011 [INFO] IPUIPlugin:79 - create IPUIPlugin
2024-03-14 00:31:45,011 [INFO] IPUIPlugin:79 - create IPUIPlugin
2024-03-14 00:31:45,011 [INFO] IPUIPlugin:79 - create IPUIPlugin
2024-03-14 00:31:45,011 [INFO] IPUIPlugin:79 - create IPUIPlugin
2024-03-14 00:31:45,011 [INFO] IPUIPlugin:79 - create IPUIPlugin
2024-03-14 00:31:45,011 [INFO] IPUIPlugin:79 - create IPUIPlugin
2024-03-14 00:31:45,011 [INFO] IPUIPlugin:79 - create IPUIPlugin
2024-03-14 00:31:45,011 [INFO] IPUIPlugin:79 - create IPUIPlugin
2024-03-14 00:31:45,011 [INFO] IPUIPlugin:79 - create IPUIPlugin
2024-03-14 00:31:45,011 [INFO] IPUIPlugin:79 - create IPUIPlugin
2024-03-14 00:31:45,011 [INFO] IPUIPlugin:79 - create IPUIPlugin
2024-03-14 00:31:45,023 [INFO] IPUIPlugin:79 - create IPUIPlugin
2024-03-14 00:31:45,024 [INFO] IPUIPlugin:79 - create IPUIPlugin
2024-03-14 00:31:45,024 [INFO] IPUIPlugin:79 - create IPUIPlugin
2024-03-14 00:31:45,024 [INFO] IPUIPlugin:79 - create IPUIPlugin
2024-03-14 00:31:45,090 [INFO] ApiDbMcu:505 - Load IP Config File for PDM2PCM
2024-03-14 00:31:45,340 [INFO] OpenFileManager:327 - Restore cursor
2024-03-14 00:31:46,079 [INFO] UtilMem:74 - End SaveConfig() Used Memory: 267315584 Bytes (447741952)
2024-03-14 00:31:46,175 [INFO] UtilMem:74 - End SaveConfig() Used Memory: 288287104 Bytes (447741952)
2024-03-14 00:31:46,678 [INFO] BlockDiagram:2753 - set Specific Code input for plugin: RCC
2024-03-14 00:31:46,678 [INFO] BlockDiagram:2753 - set Specific Code input for plugin: NVIC
2024-03-14 00:31:46,678 [INFO] CodeGenerator:690 - code generatio: config db path: C:\ST\STM32CubeIDE_1.10.1\STM32CubeIDE\plugins\com.st.stm32cube.common.mx_6.6.1.202207061420\\db\
2024-03-14 00:31:47,028 [INFO] CodeEngine:245 - oldGeneratedFile, C:\Users\yeosu\STM32CubeIDE\workspace_1.10.1\M-HIVE_digital_clock_project\1-1. LED toggle with button\MXTmpFiles\license.tmp_save
2024-03-14 00:31:47,576 [INFO] CodeEngine:269 - Generated code: C:\Users\yeosu\STM32CubeIDE\workspace_1.10.1\M-HIVE_digital_clock_project\1-1. LED toggle with button\MXTmpFiles\license.tmp
2024-03-14 00:31:47,578 [INFO] CodeEngine:245 - oldGeneratedFile, C:\Users\yeosu\STM32CubeIDE\workspace_1.10.1\M-HIVE_digital_clock_project\1-1. LED toggle with button\Core\Src\stm32f4xx_it.c_save
2024-03-14 00:31:47,805 [INFO] CodeEngine:269 - Generated code: C:\Users\yeosu\STM32CubeIDE\workspace_1.10.1\M-HIVE_digital_clock_project\1-1. LED toggle with button\Core\Src\stm32f4xx_it.c
2024-03-14 00:31:47,811 [INFO] CodeEngine:245 - oldGeneratedFile, C:\Users\yeosu\STM32CubeIDE\workspace_1.10.1\M-HIVE_digital_clock_project\1-1. LED toggle with button\Core\Inc\stm32f4xx_it.h_save
2024-03-14 00:31:47,899 [INFO] CodeEngine:269 - Generated code: C:\Users\yeosu\STM32CubeIDE\workspace_1.10.1\M-HIVE_digital_clock_project\1-1. LED toggle with button\Core\Inc\stm32f4xx_it.h
2024-03-14 00:31:47,963 [INFO] CodeEngine:245 - oldGeneratedFile, C:\Users\yeosu\STM32CubeIDE\workspace_1.10.1\M-HIVE_digital_clock_project\1-1. LED toggle with button\Core\Src\stm32f4xx_hal_msp.c_save
2024-03-14 00:31:48,090 [INFO] CodeEngine:269 - Generated code: C:\Users\yeosu\STM32CubeIDE\workspace_1.10.1\M-HIVE_digital_clock_project\1-1. LED toggle with button\Core\Src\stm32f4xx_hal_msp.c
2024-03-14 00:31:48,090 [INFO] CodeEngine:245 - oldGeneratedFile, C:\Users\yeosu\STM32CubeIDE\workspace_1.10.1\M-HIVE_digital_clock_project\1-1. LED toggle with button\MXTmpFiles\system.tmp_save
2024-03-14 00:31:48,150 [INFO] CodeEngine:269 - Generated code: C:\Users\yeosu\STM32CubeIDE\workspace_1.10.1\M-HIVE_digital_clock_project\1-1. LED toggle with button\MXTmpFiles\system.tmp
2024-03-14 00:31:48,161 [INFO] CodeEngine:245 - oldGeneratedFile, C:\Users\yeosu\STM32CubeIDE\workspace_1.10.1\M-HIVE_digital_clock_project\1-1. LED toggle with button\Core\Inc\stm32f4xx_hal_conf.h_save
2024-03-14 00:31:48,317 [INFO] CodeEngine:269 - Generated code: C:\Users\yeosu\STM32CubeIDE\workspace_1.10.1\M-HIVE_digital_clock_project\1-1. LED toggle with button\Core\Inc\stm32f4xx_hal_conf.h
2024-03-14 00:31:48,407 [INFO] CodeEngine:245 - oldGeneratedFile, C:\Users\yeosu\STM32CubeIDE\workspace_1.10.1\M-HIVE_digital_clock_project\1-1. LED toggle with button\Core\Inc\main.h_save
2024-03-14 00:31:48,524 [INFO] CodeEngine:269 - Generated code: C:\Users\yeosu\STM32CubeIDE\workspace_1.10.1\M-HIVE_digital_clock_project\1-1. LED toggle with button\Core\Inc\main.h
2024-03-14 00:31:48,534 [INFO] CodeEngine:245 - oldGeneratedFile, C:\Users\yeosu\STM32CubeIDE\workspace_1.10.1\M-HIVE_digital_clock_project\1-1. LED toggle with button\Core\Src\main.c_save
2024-03-14 00:31:48,692 [INFO] CodeEngine:269 - Generated code: C:\Users\yeosu\STM32CubeIDE\workspace_1.10.1\M-HIVE_digital_clock_project\1-1. LED toggle with button\Core\Src\main.c
2024-03-14 00:31:49,556 [INFO] ProjectBuilder:2919 - Time for Copy HAL[1] : 123mS.
2024-03-14 00:31:49,571 [INFO] ProjectBuilder:4117 - Project Generator version: 3.17.1
2024-03-14 00:31:50,003 [INFO] ConfigFileManager:1394 - The Die is : DIE413
2024-03-14 00:31:50,029 [INFO] ApiDbMcu:505 - Load IP Config File for FATFS
2024-03-14 00:31:50,061 [INFO] ApiDbMcu:505 - Load IP Config File for FREERTOS
2024-03-14 00:31:50,061 [INFO] ApiDbMcu:505 - Load IP Config File for LIBJPEG
2024-03-14 00:31:50,134 [INFO] ApiDbMcu:505 - Load IP Config File for LWIP
2024-03-14 00:31:50,171 [INFO] ApiDbMcu:505 - Load IP Config File for MBEDTLS
2024-03-14 00:31:50,233 [INFO] ApiDbMcu:505 - Load IP Config File for USB_DEVICE
2024-03-14 00:31:50,245 [INFO] ApiDbMcu:505 - Load IP Config File for USB_HOST
2024-03-14 00:31:53,072 [INFO] ProjectBuilder:4285 - Time for Generating toolchain IDE Files: 3500mS.
2024-03-14 00:31:53,073 [INFO] ProjectBuilder:2790 - Time for Copy CMSIS : 0mS.
2024-03-14 00:31:53,078 [INFO] ProjectBuilder:2790 - Time for Copy CMSIS : 0mS.
2024-03-14 00:31:53,722 [INFO] McuFinderGlobals:57 - Set McuFinderConnectedMode to true
2024-03-14 00:31:53,726 [INFO] ApiDb:443 - Save user favorites file C:\Users\yeosu/.stm32cubeide/favorites.mcus.txt: 0 item(s)
2024-03-14 00:31:53,726 [INFO] ApiDb:447 - User favorites MCUs=[]
2024-03-14 00:38:01,172 [INFO] UtilMem:74 - End SaveConfig() Used Memory: 642595568 Bytes (788529152)
2024-03-14 00:38:09,065 [INFO] UtilMem:74 - End SaveConfig() Used Memory: 663159496 Bytes (788529152)
2024-03-14 00:38:09,552 [INFO] BlockDiagram:2753 - set Specific Code input for plugin: RCC
2024-03-14 00:38:09,553 [INFO] BlockDiagram:2753 - set Specific Code input for plugin: NVIC
2024-03-14 00:38:09,553 [INFO] BlockDiagram:2753 - set Specific Code input for plugin: GPIO
2024-03-14 00:38:09,557 [INFO] CodeGenerator:690 - code generatio: config db path: C:\ST\STM32CubeIDE_1.10.1\STM32CubeIDE\plugins\com.st.stm32cube.common.mx_6.6.1.202207061420\\db\
2024-03-14 00:38:09,769 [INFO] CodeEngine:245 - oldGeneratedFile, C:\Users\yeosu\STM32CubeIDE\workspace_1.10.1\M-HIVE_digital_clock_project\1-1. LED toggle with button\MXTmpFiles\license.tmp_save
2024-03-14 00:38:09,897 [INFO] CodeEngine:269 - Generated code: C:\Users\yeosu\STM32CubeIDE\workspace_1.10.1\M-HIVE_digital_clock_project\1-1. LED toggle with button\MXTmpFiles\license.tmp
2024-03-14 00:38:09,986 [INFO] CodeEngine:245 - oldGeneratedFile, C:\Users\yeosu\STM32CubeIDE\workspace_1.10.1\M-HIVE_digital_clock_project\1-1. LED toggle with button\Core\Src\gpio.c_save
2024-03-14 00:38:10,223 [INFO] CodeEngine:269 - Generated code: C:\Users\yeosu\STM32CubeIDE\workspace_1.10.1\M-HIVE_digital_clock_project\1-1. LED toggle with button\Core\Src\gpio.c
2024-03-14 00:38:10,249 [INFO] CodeEngine:245 - oldGeneratedFile, C:\Users\yeosu\STM32CubeIDE\workspace_1.10.1\M-HIVE_digital_clock_project\1-1. LED toggle with button\Core\Inc\gpio.h_save
2024-03-14 00:38:10,369 [INFO] CodeEngine:269 - Generated code: C:\Users\yeosu\STM32CubeIDE\workspace_1.10.1\M-HIVE_digital_clock_project\1-1. LED toggle with button\Core\Inc\gpio.h
2024-03-14 00:38:10,430 [INFO] CodeEngine:245 - oldGeneratedFile, C:\Users\yeosu\STM32CubeIDE\workspace_1.10.1\M-HIVE_digital_clock_project\1-1. LED toggle with button\Core\Src\stm32f4xx_it.c_save
2024-03-14 00:38:10,522 [INFO] CodeEngine:269 - Generated code: C:\Users\yeosu\STM32CubeIDE\workspace_1.10.1\M-HIVE_digital_clock_project\1-1. LED toggle with button\Core\Src\stm32f4xx_it.c
2024-03-14 00:38:10,532 [INFO] CodeEngine:245 - oldGeneratedFile, C:\Users\yeosu\STM32CubeIDE\workspace_1.10.1\M-HIVE_digital_clock_project\1-1. LED toggle with button\Core\Inc\stm32f4xx_it.h_save
2024-03-14 00:38:10,601 [INFO] CodeEngine:269 - Generated code: C:\Users\yeosu\STM32CubeIDE\workspace_1.10.1\M-HIVE_digital_clock_project\1-1. LED toggle with button\Core\Inc\stm32f4xx_it.h
2024-03-14 00:38:10,632 [INFO] CodeEngine:245 - oldGeneratedFile, C:\Users\yeosu\STM32CubeIDE\workspace_1.10.1\M-HIVE_digital_clock_project\1-1. LED toggle with button\Core\Src\stm32f4xx_hal_msp.c_save
2024-03-14 00:38:10,711 [INFO] CodeEngine:269 - Generated code: C:\Users\yeosu\STM32CubeIDE\workspace_1.10.1\M-HIVE_digital_clock_project\1-1. LED toggle with button\Core\Src\stm32f4xx_hal_msp.c
2024-03-14 00:38:10,716 [INFO] CodeEngine:245 - oldGeneratedFile, C:\Users\yeosu\STM32CubeIDE\workspace_1.10.1\M-HIVE_digital_clock_project\1-1. LED toggle with button\MXTmpFiles\system.tmp_save
2024-03-14 00:38:10,775 [INFO] CodeEngine:269 - Generated code: C:\Users\yeosu\STM32CubeIDE\workspace_1.10.1\M-HIVE_digital_clock_project\1-1. LED toggle with button\MXTmpFiles\system.tmp
2024-03-14 00:38:10,804 [INFO] CodeEngine:245 - oldGeneratedFile, C:\Users\yeosu\STM32CubeIDE\workspace_1.10.1\M-HIVE_digital_clock_project\1-1. LED toggle with button\Core\Inc\stm32f4xx_hal_conf.h_save
2024-03-14 00:38:10,950 [INFO] CodeEngine:269 - Generated code: C:\Users\yeosu\STM32CubeIDE\workspace_1.10.1\M-HIVE_digital_clock_project\1-1. LED toggle with button\Core\Inc\stm32f4xx_hal_conf.h
2024-03-14 00:38:11,036 [INFO] CodeEngine:245 - oldGeneratedFile, C:\Users\yeosu\STM32CubeIDE\workspace_1.10.1\M-HIVE_digital_clock_project\1-1. LED toggle with button\Core\Inc\main.h_save
2024-03-14 00:38:11,118 [INFO] CodeEngine:269 - Generated code: C:\Users\yeosu\STM32CubeIDE\workspace_1.10.1\M-HIVE_digital_clock_project\1-1. LED toggle with button\Core\Inc\main.h
2024-03-14 00:38:11,142 [INFO] CodeEngine:245 - oldGeneratedFile, C:\Users\yeosu\STM32CubeIDE\workspace_1.10.1\M-HIVE_digital_clock_project\1-1. LED toggle with button\Core\Src\main.c_save
2024-03-14 00:38:11,256 [INFO] CodeEngine:269 - Generated code: C:\Users\yeosu\STM32CubeIDE\workspace_1.10.1\M-HIVE_digital_clock_project\1-1. LED toggle with button\Core\Src\main.c
2024-03-14 00:38:11,917 [INFO] ProjectBuilder:2919 - Time for Copy HAL[1] : 161mS.
2024-03-14 00:38:11,921 [INFO] ProjectBuilder:4117 - Project Generator version: 3.17.1
2024-03-14 00:38:12,257 [INFO] ConfigFileManager:1394 - The Die is : DIE413
2024-03-14 00:38:14,056 [INFO] ProjectBuilder:4285 - Time for Generating toolchain IDE Files: 2135mS.
2024-03-14 00:38:14,058 [INFO] ProjectBuilder:2790 - Time for Copy CMSIS : 1mS.
2024-03-14 00:38:14,063 [INFO] ProjectBuilder:2790 - Time for Copy CMSIS : 0mS.
